<?xml version="1.0" encoding="UTF-8"?>
<!-- Generated by org.testng.reporters.JUnitXMLReporter -->
<testsuite ignored="0" hostname="LAPTOP-P31RG0TB" failures="2" tests="12" name="Backoffice Tests" time="149.957" errors="0" timestamp="2024-10-25T16:42:56 WEST">
  <testcase classname="TestCases.LoginToYourAccountTest" name="TC0010_Webclient_Validate_exiting_user_cannot_able_to_register" time="0.018"/>
  <testcase classname="TestCases.LoginToYourAccountTest" name="TC001_Admin_User_should_able_to_login_with_valid_email_and_password" time="9.201"/>
  <testcase classname="TestCases.LoginToYourAccountTest" name="TC002_Backoffice_User_should_unable_to_login_with_invalid_email_and_valid_password" time="3.841"/>
  <testcase classname="TestCases.LoginToYourAccountTest" name="TC003_Backoffice_User_should_able_to_login_with_valid_email_and_invalid_password" time="3.704"/>
  <testcase classname="TestCases.LoginToYourAccountTest" name="TC004_BackOffice_User_should_able_to_login_with_invalid_email_and_password" time="4.013"/>
  <testcase classname="TestCases.LoginToYourAccountTest" name="TC005_Webclient_User_should_able_to_SignUp_the_WebClent" time="0.003"/>
  <testcase classname="TestCases.LoginToYourAccountTest" name="TC006_Webclient_User_should_able_to_login_with_valid_email_and_password" time="0.003"/>
  <testcase classname="TestCases.LoginToYourAccountTest" name="TC007_WebClient_User_should_unable_to_login_with_invalid_email_and_valid_password" time="0.004"/>
  <testcase classname="TestCases.LoginToYourAccountTest" name="TC008_WebClient_User_should_able_to_login_with_valid_email_and_invalid_password" time="0.004"/>
  <testcase classname="TestCases.LoginToYourAccountTest" name="TC009_Webclient_User_should_able_to_login_with_invalid_email_and_password" time="0.002"/>
  <testcase classname="TestCases.SessionOverviewTest" name="TC001_Verify_that_admin_can_able_to_terminate_the_Session" time="7.449">
    <failure type="java.lang.AssertionError" message="expected [] but found [Last active]">
      <![CDATA[java.lang.AssertionError: expected [] but found [Last active]
at TestCases.SessionOverviewTest.TC001_Verify_that_admin_can_able_to_terminate_the_Session(SessionOverviewTest.java:48)
at java.base/java.util.ArrayList.forEach(ArrayList.java:1511)
... Removed 33 stack frames]]>
    </failure>
  </testcase> <!-- TC001_Verify_that_admin_can_able_to_terminate_the_Session -->
  <testcase classname="TestCases.NavigationTest" name="TC001_SuperAdmin_can_able_to_click_and_check_text_in_the_navigatio" time="0.002">
    <failure type="java.lang.NullPointerException" message="Cannot invoke &amp;quot;Object.equals(Object)&amp;quot; because &amp;quot;this.env&amp;quot; is null">
      <![CDATA[java.lang.NullPointerException: Cannot invoke "Object.equals(Object)" because "this.env" is null
at TestCases.NavigationTest.TC001_SuperAdmin_can_able_to_click_and_check_text_in_the_navigatio(NavigationTest.java:29)
at java.base/java.util.ArrayList.forEach(ArrayList.java:1511)
... Removed 27 stack frames]]>
    </failure>
  </testcase> <!-- TC001_SuperAdmin_can_able_to_click_and_check_text_in_the_navigatio -->
</testsuite> <!-- Backoffice Tests -->
