<html>
<head>
<title>TestNG:  Backoffice Tests</title>
<link href="../testng.css" rel="stylesheet" type="text/css" />
<link href="../my-testng.css" rel="stylesheet" type="text/css" />

<style type="text/css">
.log { display: none;} 
.stack-trace { display: none;} 
</style>
<script type="text/javascript">
<!--
function flip(e) {
  current = e.style.display;
  if (current == 'block') {
    e.style.display = 'none';
    return 0;
  }
  else {
    e.style.display = 'block';
    return 1;
  }
}

function toggleBox(szDivId, elem, msg1, msg2)
{
  var res = -1;  if (document.getElementById) {
    res = flip(document.getElementById(szDivId));
  }
  else if (document.all) {
    // this is the way old msie versions work
    res = flip(document.all[szDivId]);
  }
  if(elem) {
    if(res == 0) elem.innerHTML = msg1; else elem.innerHTML = msg2;
  }

}

function toggleAllBoxes() {
  if (document.getElementsByTagName) {
    d = document.getElementsByTagName('div');
    for (i = 0; i < d.length; i++) {
      if (d[i].className == 'log') {
        flip(d[i]);
      }
    }
  }
}

// -->
</script>

</head>
<body>
<h2 align='center'>Backoffice Tests</h2><table border='1' align="center">
<tr>
<td>Tests passed/Failed/Skipped:</td><td>10/2/0</td>
</tr><tr>
<td>Started on:</td><td>Fri Oct 25 16:40:26 WEST 2024</td>
</tr>
<tr><td>Total time:</td><td>149 seconds (149957 ms)</td>
</tr><tr>
<td>Included groups:</td><td></td>
</tr><tr>
<td>Excluded groups:</td><td></td>
</tr>
</table><p/>
<small><i>(Hover the method name to see the test class name)</i></small><p/>
<table width='100%' border='1' class='invocation-failed'>
<tr><td colspan='4' align='center'><b>FAILED TESTS</b></td></tr>
<tr><td><b>Test method</b></td>
<td><b>Attribute(s)</b></td>
<td width="30%"><b>Exception</b></td>
<td width="10%"><b>Time (seconds)</b></td>
<td><b>Instance</b></td>
</tr>
<tr>
<td title='TestCases.NavigationTest.TC001_SuperAdmin_can_able_to_click_and_check_text_in_the_navigatio()'><b>TC001_SuperAdmin_can_able_to_click_and_check_text_in_the_navigatio</b><br>Test class: TestCases.NavigationTest</td>
<td><div><pre>java.lang.NullPointerException: Cannot invoke &quot;Object.equals(Object)&quot; because &quot;this.env&quot; is null
	at TestCases.NavigationTest.TC001_SuperAdmin_can_able_to_click_and_check_text_in_the_navigatio(NavigationTest.java:29)
	at java.base/java.util.ArrayList.forEach(ArrayList.java:1511)
... Removed 27 stack frames</pre></div><a href='#' onClick='toggleBox("stack-trace670959005", this, "Click to show all stack frames", "Click to hide stack frames")'>Click to show all stack frames</a>
<div class='stack-trace' id='stack-trace670959005'><pre>java.lang.NullPointerException: Cannot invoke &quot;Object.equals(Object)&quot; because &quot;this.env&quot; is null
	at TestCases.NavigationTest.TC001_SuperAdmin_can_able_to_click_and_check_text_in_the_navigatio(NavigationTest.java:29)
	at java.base/jdk.internal.reflect.NativeMethodAccessorImpl.invoke0(Native Method)
	at java.base/jdk.internal.reflect.NativeMethodAccessorImpl.invoke(NativeMethodAccessorImpl.java:77)
	at java.base/jdk.internal.reflect.DelegatingMethodAccessorImpl.invoke(DelegatingMethodAccessorImpl.java:43)
	at java.base/java.lang.reflect.Method.invoke(Method.java:568)
	at org.testng.internal.invokers.MethodInvocationHelper.invokeMethod(MethodInvocationHelper.java:139)
	at org.testng.internal.invokers.TestInvoker.invokeMethod(TestInvoker.java:677)
	at org.testng.internal.invokers.TestInvoker.invokeTestMethod(TestInvoker.java:221)
	at org.testng.internal.invokers.MethodRunner.runInSequence(MethodRunner.java:50)
	at org.testng.internal.invokers.TestInvoker$MethodInvocationAgent.invoke(TestInvoker.java:969)
	at org.testng.internal.invokers.TestInvoker.invokeTestMethods(TestInvoker.java:194)
	at org.testng.internal.invokers.TestMethodWorker.invokeTestMethods(TestMethodWorker.java:148)
	at org.testng.internal.invokers.TestMethodWorker.run(TestMethodWorker.java:128)
	at java.base/java.util.ArrayList.forEach(ArrayList.java:1511)
	at org.testng.TestRunner.privateRun(TestRunner.java:829)
	at org.testng.TestRunner.run(TestRunner.java:602)
	at org.testng.SuiteRunner.runTest(SuiteRunner.java:437)
	at org.testng.SuiteRunner.runSequentially(SuiteRunner.java:431)
	at org.testng.SuiteRunner.privateRun(SuiteRunner.java:391)
	at org.testng.SuiteRunner.run(SuiteRunner.java:330)
	at org.testng.SuiteRunnerWorker.runSuite(SuiteRunnerWorker.java:52)
	at org.testng.SuiteRunnerWorker.run(SuiteRunnerWorker.java:95)
	at org.testng.TestNG.runSuitesSequentially(TestNG.java:1256)
	at org.testng.TestNG.runSuitesLocally(TestNG.java:1176)
	at org.testng.TestNG.runSuites(TestNG.java:1099)
	at org.testng.TestNG.run(TestNG.java:1067)
	at org.testng.remote.AbstractRemoteTestNG.run(AbstractRemoteTestNG.java:115)
	at org.testng.remote.RemoteTestNG.initAndRun(RemoteTestNG.java:293)
	at org.testng.remote.RemoteTestNG.main(RemoteTestNG.java:91)
</pre></div></td>
<td>0</td>
<td>TestCases.NavigationTest@78e4deb0</td></tr>
<tr>
<td title='TestCases.SessionOverviewTest.TC001_Verify_that_admin_can_able_to_terminate_the_Session()'><b>TC001_Verify_that_admin_can_able_to_terminate_the_Session</b><br>Test class: TestCases.SessionOverviewTest<br>Parameters: backoffice</td>
<td><div><pre>java.lang.AssertionError: expected [] but found [Last active]
	at TestCases.SessionOverviewTest.TC001_Verify_that_admin_can_able_to_terminate_the_Session(SessionOverviewTest.java:48)
	at java.base/java.util.ArrayList.forEach(ArrayList.java:1511)
... Removed 33 stack frames</pre></div><a href='#' onClick='toggleBox("stack-trace1428815684", this, "Click to show all stack frames", "Click to hide stack frames")'>Click to show all stack frames</a>
<div class='stack-trace' id='stack-trace1428815684'><pre>java.lang.AssertionError: expected [] but found [Last active]
	at org.testng.Assert.fail(Assert.java:110)
	at org.testng.Assert.failNotEquals(Assert.java:1577)
	at org.testng.Assert.assertEqualsImpl(Assert.java:149)
	at org.testng.Assert.assertEquals(Assert.java:131)
	at org.testng.Assert.assertEquals(Assert.java:655)
	at org.testng.Assert.assertEquals(Assert.java:665)
	at TestCases.SessionOverviewTest.TC001_Verify_that_admin_can_able_to_terminate_the_Session(SessionOverviewTest.java:48)
	at java.base/jdk.internal.reflect.NativeMethodAccessorImpl.invoke0(Native Method)
	at java.base/jdk.internal.reflect.NativeMethodAccessorImpl.invoke(NativeMethodAccessorImpl.java:77)
	at java.base/jdk.internal.reflect.DelegatingMethodAccessorImpl.invoke(DelegatingMethodAccessorImpl.java:43)
	at java.base/java.lang.reflect.Method.invoke(Method.java:568)
	at org.testng.internal.invokers.MethodInvocationHelper.invokeMethod(MethodInvocationHelper.java:139)
	at org.testng.internal.invokers.TestInvoker.invokeMethod(TestInvoker.java:677)
	at org.testng.internal.invokers.TestInvoker.invokeTestMethod(TestInvoker.java:221)
	at org.testng.internal.invokers.MethodRunner.runInSequence(MethodRunner.java:50)
	at org.testng.internal.invokers.TestInvoker$MethodInvocationAgent.invoke(TestInvoker.java:969)
	at org.testng.internal.invokers.TestInvoker.invokeTestMethods(TestInvoker.java:194)
	at org.testng.internal.invokers.TestMethodWorker.invokeTestMethods(TestMethodWorker.java:148)
	at org.testng.internal.invokers.TestMethodWorker.run(TestMethodWorker.java:128)
	at java.base/java.util.ArrayList.forEach(ArrayList.java:1511)
	at org.testng.TestRunner.privateRun(TestRunner.java:829)
	at org.testng.TestRunner.run(TestRunner.java:602)
	at org.testng.SuiteRunner.runTest(SuiteRunner.java:437)
	at org.testng.SuiteRunner.runSequentially(SuiteRunner.java:431)
	at org.testng.SuiteRunner.privateRun(SuiteRunner.java:391)
	at org.testng.SuiteRunner.run(SuiteRunner.java:330)
	at org.testng.SuiteRunnerWorker.runSuite(SuiteRunnerWorker.java:52)
	at org.testng.SuiteRunnerWorker.run(SuiteRunnerWorker.java:95)
	at org.testng.TestNG.runSuitesSequentially(TestNG.java:1256)
	at org.testng.TestNG.runSuitesLocally(TestNG.java:1176)
	at org.testng.TestNG.runSuites(TestNG.java:1099)
	at org.testng.TestNG.run(TestNG.java:1067)
	at org.testng.remote.AbstractRemoteTestNG.run(AbstractRemoteTestNG.java:115)
	at org.testng.remote.RemoteTestNG.initAndRun(RemoteTestNG.java:293)
	at org.testng.remote.RemoteTestNG.main(RemoteTestNG.java:91)
</pre></div></td>
<td>7</td>
<td>TestCases.SessionOverviewTest@5b1669c0</td></tr>
</table><p>
<table width='100%' border='1' class='invocation-passed'>
<tr><td colspan='4' align='center'><b>PASSED TESTS</b></td></tr>
<tr><td><b>Test method</b></td>
<td><b>Attribute(s)</b></td>
<td width="30%"><b>Exception</b></td>
<td width="10%"><b>Time (seconds)</b></td>
<td><b>Instance</b></td>
</tr>
<tr>
<td title='TestCases.LoginToYourAccountTest.TC0010_Webclient_Validate_exiting_user_cannot_able_to_register()'><b>TC0010_Webclient_Validate_exiting_user_cannot_able_to_register</b><br>Test class: TestCases.LoginToYourAccountTest<br>Parameters: backoffice</td>
<td></td>
<td>0</td>
<td>TestCases.LoginToYourAccountTest@6221a451</td></tr>
<tr>
<td title='TestCases.LoginToYourAccountTest.TC006_Webclient_User_should_able_to_login_with_valid_email_and_password()'><b>TC006_Webclient_User_should_able_to_login_with_valid_email_and_password</b><br>Test class: TestCases.LoginToYourAccountTest<br>Parameters: backoffice</td>
<td></td>
<td>0</td>
<td>TestCases.LoginToYourAccountTest@6221a451</td></tr>
<tr>
<td title='TestCases.LoginToYourAccountTest.TC008_WebClient_User_should_able_to_login_with_valid_email_and_invalid_password()'><b>TC008_WebClient_User_should_able_to_login_with_valid_email_and_invalid_password</b><br>Test class: TestCases.LoginToYourAccountTest<br>Parameters: backoffice</td>
<td></td>
<td>0</td>
<td>TestCases.LoginToYourAccountTest@6221a451</td></tr>
<tr>
<td title='TestCases.LoginToYourAccountTest.TC001_Admin_User_should_able_to_login_with_valid_email_and_password()'><b>TC001_Admin_User_should_able_to_login_with_valid_email_and_password</b><br>Test class: TestCases.LoginToYourAccountTest<br>Parameters: backoffice</td>
<td></td>
<td>9</td>
<td>TestCases.LoginToYourAccountTest@6221a451</td></tr>
<tr>
<td title='TestCases.LoginToYourAccountTest.TC003_Backoffice_User_should_able_to_login_with_valid_email_and_invalid_password()'><b>TC003_Backoffice_User_should_able_to_login_with_valid_email_and_invalid_password</b><br>Test class: TestCases.LoginToYourAccountTest<br>Parameters: backoffice</td>
<td></td>
<td>3</td>
<td>TestCases.LoginToYourAccountTest@6221a451</td></tr>
<tr>
<td title='TestCases.LoginToYourAccountTest.TC002_Backoffice_User_should_unable_to_login_with_invalid_email_and_valid_password()'><b>TC002_Backoffice_User_should_unable_to_login_with_invalid_email_and_valid_password</b><br>Test class: TestCases.LoginToYourAccountTest<br>Parameters: backoffice</td>
<td></td>
<td>3</td>
<td>TestCases.LoginToYourAccountTest@6221a451</td></tr>
<tr>
<td title='TestCases.LoginToYourAccountTest.TC004_BackOffice_User_should_able_to_login_with_invalid_email_and_password()'><b>TC004_BackOffice_User_should_able_to_login_with_invalid_email_and_password</b><br>Test class: TestCases.LoginToYourAccountTest<br>Parameters: backoffice</td>
<td></td>
<td>4</td>
<td>TestCases.LoginToYourAccountTest@6221a451</td></tr>
<tr>
<td title='TestCases.LoginToYourAccountTest.TC007_WebClient_User_should_unable_to_login_with_invalid_email_and_valid_password()'><b>TC007_WebClient_User_should_unable_to_login_with_invalid_email_and_valid_password</b><br>Test class: TestCases.LoginToYourAccountTest<br>Parameters: backoffice</td>
<td></td>
<td>0</td>
<td>TestCases.LoginToYourAccountTest@6221a451</td></tr>
<tr>
<td title='TestCases.LoginToYourAccountTest.TC005_Webclient_User_should_able_to_SignUp_the_WebClent()'><b>TC005_Webclient_User_should_able_to_SignUp_the_WebClent</b><br>Test class: TestCases.LoginToYourAccountTest<br>Parameters: backoffice</td>
<td></td>
<td>0</td>
<td>TestCases.LoginToYourAccountTest@6221a451</td></tr>
<tr>
<td title='TestCases.LoginToYourAccountTest.TC009_Webclient_User_should_able_to_login_with_invalid_email_and_password()'><b>TC009_Webclient_User_should_able_to_login_with_invalid_email_and_password</b><br>Test class: TestCases.LoginToYourAccountTest<br>Parameters: backoffice</td>
<td></td>
<td>0</td>
<td>TestCases.LoginToYourAccountTest@6221a451</td></tr>
</table><p>
</body>
</html>