<!DOCTYPE html PUBLIC "-//W3C//DTD XHTML 1.1//EN" "https://www.w3.org/TR/xhtml11/DTD/xhtml11.dtd">
<html xmlns="https://www.w3.org/1999/xhtml">
<head>
<meta http-equiv="content-type" content="text/html; charset=UTF-8"/>
<title>TestNG Report</title>
<style type="text/css">table {margin-bottom:10px;border-collapse:collapse;empty-cells:show}th,td {border:1px solid #009;padding:.25em .5em}th {vertical-align:bottom}td {vertical-align:top}table a {font-weight:bold}.stripe td {background-color: #E6EBF9}.num {text-align:right}.passedodd td {background-color: #3F3}.passedeven td {background-color: #0A0}.skippedodd td {background-color: #DDD}.skippedeven td {background-color: #CCC}.failedodd td,.attn {background-color: #F33}.failedeven td,.stripe .attn {background-color: #D00}.stacktrace {white-space:pre;font-family:monospace}.totop {font-size:85%;text-align:center;border-bottom:2px solid #000}.invisible {display:none}</style>
</head>
<body>
<table>
<tr><th>Test</th><th># Passed</th><th># Skipped</th><th># Retried</th><th># Failed</th><th>Time (ms)</th><th>Included Groups</th><th>Excluded Groups</th></tr>
<tr><th colspan="8">Test Suite</th></tr>
<tr><td><a href="#t0">Client Tests</a></td><td class="num">9</td><td class="num">0</td><td class="num">0</td><td class="num attn">9</td><td class="num">435,785</td><td></td><td></td></tr>
</table>
<table id='summary'><thead><tr><th>Class</th><th>Method</th><th>Start</th><th>Time (ms)</th></tr></thead><tbody><tr><th colspan="4">Test Suite</th></tr></tbody><tbody id="t0"><tr><th colspan="4">Client Tests &#8212; failed</th></tr><tr class="failedeven"><td rowspan="1">TestCases.AdminFAQTest</td><td><a href="#m0">TC005_Admin_can_able_to_Verify_the_each_tab</a></td><td rowspan="1">1735821989995</td><td rowspan="1">5045</td></tr><tr class="failedodd"><td rowspan="3">TestCases.AdminReportIssueTest</td><td><a href="#m1">TC002_Admin_can_able_to_open_the_Reported_issue</a></td><td rowspan="1">1735821612647</td><td rowspan="1">15504</td></tr><tr class="failedodd"><td><a href="#m2">TC003_Admin_can_able_to_respond_the_reported_issue_into_Inprogress</a></td><td rowspan="1">1735821631417</td><td rowspan="1">67541</td></tr><tr class="failedodd"><td><a href="#m3">TC004_Admin_can_able_to_respond_the_reported_issue_into_Resolved</a></td><td rowspan="1">1735821702393</td><td rowspan="1">67656</td></tr><tr class="failedeven"><td rowspan="4">TestCases.UserFAQTest</td><td><a href="#m4">TC001_User_can_able_to_verify_the_category_to_each_FAQ</a></td><td rowspan="1">1735821784244</td><td rowspan="1">6077</td></tr><tr class="failedeven"><td><a href="#m5">TC002_User_can_able_to_verify_the_reportIssue_and_BookMark_Button_in_FAQ</a></td><td rowspan="1">1735821794820</td><td rowspan="1">28107</td></tr><tr class="failedeven"><td><a href="#m6">TC003_User_can_able_to_verify_that_FAQ_reportIssue_can_able_to_send</a></td><td rowspan="1">1735821826423</td><td rowspan="1">11455</td></tr><tr class="failedeven"><td><a href="#m7">TC004_User_can_able_to_verify_that_like_and_dislike_the_FAQ</a></td><td rowspan="1">1735821841327</td><td rowspan="1">6555</td></tr><tr class="failedodd"><td rowspan="1">TestCases.UserReportIssueTest</td><td><a href="#m8">TC003_User_cannot_able_to_send_Issue_report_without_type_of_Issue_and_Description</a></td><td rowspan="1">1735821870649</td><td rowspan="1">5556</td></tr><tr><th colspan="4">Client Tests &#8212; passed</th></tr><tr class="passedeven"><td rowspan="5">TestCases.AdminFAQTest</td><td><a href="#m9">TC001_Admin_can_able_to_Create_the_New_Category</a></td><td rowspan="1">1735821879584</td><td rowspan="1">16145</td></tr><tr class="passedeven"><td><a href="#m10">TC002_Admin_can_able_to_Create_the_Question_and_Answer_of_the_Category</a></td><td rowspan="1">1735821899077</td><td rowspan="1">25431</td></tr><tr class="passedeven"><td><a href="#m11">TC003_Admin_can_able_to_Edit_and_Delete_the_existing_Category</a></td><td rowspan="1">1735821927595</td><td rowspan="1">19894</td></tr><tr class="passedeven"><td><a href="#m12">TC004_Admin_can_able_to_Edit_and_Delete_the_Question_and_Answer_of_the_Category</a></td><td rowspan="1">1735821950821</td><td rowspan="1">35515</td></tr><tr class="passedeven"><td><a href="#m13">TC006_Admin_can_able_to_Search_the_Category</a></td><td rowspan="1">1735821998106</td><td rowspan="1">35728</td></tr><tr class="passedodd"><td rowspan="2">TestCases.AdminReportIssueTest</td><td><a href="#m14">TC001_Admin_can_able_to_click_on_the_navigation_issue_report</a></td><td rowspan="1">1735821603915</td><td rowspan="1">5472</td></tr><tr class="passedodd"><td><a href="#m15">TC005_Admin_cannot_able_to_respond_the_reported_issue_without_comment</a></td><td rowspan="1">1735821773620</td><td rowspan="1">6626</td></tr><tr class="passedeven"><td rowspan="2">TestCases.UserReportIssueTest</td><td><a href="#m16">TC001_User_can_able_to_send_Issue_report_with_user_details</a></td><td rowspan="1">1735821850984</td><td rowspan="1">6555</td></tr><tr class="passedeven"><td><a href="#m17">TC002_User_can_able_to_send_Issue_report_Anonymously</a></td><td rowspan="1">1735821860669</td><td rowspan="1">6766</td></tr></tbody>
</table>
<h2>Client Tests</h2><h3 id="m0">TestCases.AdminFAQTest#TC005_Admin_can_able_to_Verify_the_each_tab</h3><table class="result"><tr><th>Exception</th></tr><tr><td><div class="stacktrace">java.lang.AssertionError: expected [true] but found [false]
	at TestCases.AdminFAQTest.TC005_Admin_can_able_to_Verify_the_each_tab(AdminFAQTest.java:312)
	at java.base/java.util.ArrayList.forEach(ArrayList.java:1511)
... Removed 31 stack frames</div></td></tr></table><p class="totop"><a href="#summary">back to summary</a></p>
<h3 id="m1">TestCases.AdminReportIssueTest#TC002_Admin_can_able_to_open_the_Reported_issue</h3><table class="result"><tr><th>Exception</th></tr><tr><td><div class="stacktrace">org.openqa.selenium.NoSuchElementException: no such element: Unable to locate element: {&quot;method&quot;:&quot;xpath&quot;,&quot;selector&quot;:&quot;//h5[contains(@class, &apos;mx-name-text3&apos;)]&quot;}
  (Session info: chrome=131.0.6778.205)
For documentation on this error, please visit: https://www.selenium.dev/documentation/webdriver/troubleshooting/errors#no-such-element-exception
Build info: version: &apos;4.24.0&apos;, revision: &apos;748ffc9bc3&apos;
System info: os.name: &apos;Windows 11&apos;, os.arch: &apos;amd64&apos;, os.version: &apos;10.0&apos;, java.version: &apos;17.0.9&apos;
Driver info: org.openqa.selenium.chrome.ChromeDriver
Command: [bd7c1d241ed9b47f30ab91492bd7f118, findElement {using=xpath, value=//h5[contains(@class, &apos;mx-name-text3&apos;)]}]
Capabilities {acceptInsecureCerts: false, browserName: chrome, browserVersion: 131.0.6778.205, chrome: {chromedriverVersion: 131.0.6778.204 (52183f9e99a..., userDataDir: C:\Users\phyne\AppData\Loca...}, fedcm:accounts: true, goog:chromeOptions: {debuggerAddress: localhost:64949}, networkConnectionEnabled: false, pageLoadStrategy: normal, platformName: windows, proxy: Proxy(), se:cdp: ws://localhost:64949/devtoo..., se:cdpVersion: 131.0.6778.205, setWindowRect: true, strictFileInteractability: false, timeouts: {implicit: 0, pageLoad: 300000, script: 30000}, unhandledPromptBehavior: dismiss and notify, webauthn:extension:credBlob: true, webauthn:extension:largeBlob: true, webauthn:extension:minPinLength: true, webauthn:extension:prf: true, webauthn:virtualAuthenticators: true}
Session ID: bd7c1d241ed9b47f30ab91492bd7f118
	at org.openqa.selenium.remote.ErrorCodec.decode(ErrorCodec.java:167)
	at org.openqa.selenium.remote.codec.w3c.W3CHttpResponseCodec.decode(W3CHttpResponseCodec.java:138)
	at org.openqa.selenium.remote.codec.w3c.W3CHttpResponseCodec.decode(W3CHttpResponseCodec.java:50)
	at org.openqa.selenium.remote.HttpCommandExecutor.execute(HttpCommandExecutor.java:190)
	at org.openqa.selenium.remote.service.DriverCommandExecutor.invokeExecute(DriverCommandExecutor.java:216)
	at org.openqa.selenium.remote.service.DriverCommandExecutor.execute(DriverCommandExecutor.java:174)
	at org.openqa.selenium.remote.RemoteWebDriver.execute(RemoteWebDriver.java:545)
	at org.openqa.selenium.remote.ElementLocation$ElementFinder$2.findElement(ElementLocation.java:165)
	at org.openqa.selenium.remote.ElementLocation.findElement(ElementLocation.java:59)
	at org.openqa.selenium.remote.RemoteWebDriver.findElement(RemoteWebDriver.java:368)
	at org.openqa.selenium.remote.RemoteWebDriver.findElement(RemoteWebDriver.java:362)
	at org.openqa.selenium.support.pagefactory.DefaultElementLocator.findElement(DefaultElementLocator.java:68)
	at org.openqa.selenium.support.pagefactory.internal.LocatingElementHandler.invoke(LocatingElementHandler.java:38)
	at jdk.proxy2/jdk.proxy2.$Proxy14.getText(Unknown Source)
	at TestCases.AdminReportIssueTest.TC002_Admin_can_able_to_open_the_Reported_issue(AdminReportIssueTest.java:87)
	at java.base/java.util.ArrayList.forEach(ArrayList.java:1511)
... Removed 32 stack frames</div></td></tr></table><p class="totop"><a href="#summary">back to summary</a></p>
<h3 id="m2">TestCases.AdminReportIssueTest#TC003_Admin_can_able_to_respond_the_reported_issue_into_Inprogress</h3><table class="result"><tr><th>Exception</th></tr><tr><td><div class="stacktrace">org.openqa.selenium.TimeoutException: Expected condition failed: waiting for visibility of Proxy element for: DefaultElementLocator &apos;By.xpath: //h5[contains(@class, &apos;mx-name-text17&apos;)]&apos; (tried for 50 second(s) with 500 milliseconds interval)
	at org.openqa.selenium.support.ui.WebDriverWait.timeoutException(WebDriverWait.java:84)
	at org.openqa.selenium.support.ui.FluentWait.until(FluentWait.java:228)
	at TestCases.AdminReportIssueTest.TC003_Admin_can_able_to_respond_the_reported_issue_into_Inprogress(AdminReportIssueTest.java:137)
	at java.base/java.util.ArrayList.forEach(ArrayList.java:1511)
Caused by: org.openqa.selenium.NoSuchElementException: no such element: Unable to locate element: {&quot;method&quot;:&quot;xpath&quot;,&quot;selector&quot;:&quot;//h5[contains(@class, &apos;mx-name-text17&apos;)]&quot;}
  (Session info: chrome=131.0.6778.205)
For documentation on this error, please visit: https://www.selenium.dev/documentation/webdriver/troubleshooting/errors#no-such-element-exception
Build info: version: &apos;4.24.0&apos;, revision: &apos;748ffc9bc3&apos;
System info: os.name: &apos;Windows 11&apos;, os.arch: &apos;amd64&apos;, os.version: &apos;10.0&apos;, java.version: &apos;17.0.9&apos;
Driver info: org.openqa.selenium.chrome.ChromeDriver
Command: [ed0a41a736c3c6377e9b0c0ae2249c5d, findElement {using=xpath, value=//h5[contains(@class, &apos;mx-name-text17&apos;)]}]
Capabilities {acceptInsecureCerts: false, browserName: chrome, browserVersion: 131.0.6778.205, chrome: {chromedriverVersion: 131.0.6778.204 (52183f9e99a..., userDataDir: C:\Users\phyne\AppData\Loca...}, fedcm:accounts: true, goog:chromeOptions: {debuggerAddress: localhost:64977}, networkConnectionEnabled: false, pageLoadStrategy: normal, platformName: windows, proxy: Proxy(), se:cdp: ws://localhost:64977/devtoo..., se:cdpVersion: 131.0.6778.205, setWindowRect: true, strictFileInteractability: false, timeouts: {implicit: 0, pageLoad: 300000, script: 30000}, unhandledPromptBehavior: dismiss and notify, webauthn:extension:credBlob: true, webauthn:extension:largeBlob: true, webauthn:extension:minPinLength: true, webauthn:extension:prf: true, webauthn:virtualAuthenticators: true}
Session ID: ed0a41a736c3c6377e9b0c0ae2249c5d
	at org.openqa.selenium.remote.ErrorCodec.decode(ErrorCodec.java:167)
	at org.openqa.selenium.remote.codec.w3c.W3CHttpResponseCodec.decode(W3CHttpResponseCodec.java:138)
	at org.openqa.selenium.remote.codec.w3c.W3CHttpResponseCodec.decode(W3CHttpResponseCodec.java:50)
	at org.openqa.selenium.remote.HttpCommandExecutor.execute(HttpCommandExecutor.java:190)
	at org.openqa.selenium.remote.service.DriverCommandExecutor.invokeExecute(DriverCommandExecutor.java:216)
	at org.openqa.selenium.remote.service.DriverCommandExecutor.execute(DriverCommandExecutor.java:174)
	at org.openqa.selenium.remote.RemoteWebDriver.execute(RemoteWebDriver.java:545)
	at org.openqa.selenium.remote.ElementLocation$ElementFinder$2.findElement(ElementLocation.java:165)
	at org.openqa.selenium.remote.ElementLocation.findElement(ElementLocation.java:59)
	at org.openqa.selenium.remote.RemoteWebDriver.findElement(RemoteWebDriver.java:368)
	at org.openqa.selenium.remote.RemoteWebDriver.findElement(RemoteWebDriver.java:362)
	at org.openqa.selenium.support.pagefactory.DefaultElementLocator.findElement(DefaultElementLocator.java:68)
	at org.openqa.selenium.support.pagefactory.internal.LocatingElementHandler.invoke(LocatingElementHandler.java:38)
	at jdk.proxy2/jdk.proxy2.$Proxy14.isDisplayed(Unknown Source)
	at org.openqa.selenium.support.ui.ExpectedConditions.elementIfVisible(ExpectedConditions.java:304)
	at org.openqa.selenium.support.ui.ExpectedConditions$10.apply(ExpectedConditions.java:290)
	at org.openqa.selenium.support.ui.ExpectedConditions$10.apply(ExpectedConditions.java:287)
	at org.openqa.selenium.support.ui.FluentWait.until(FluentWait.java:203)
	... 29 more
... Removed 32 stack frames</div></td></tr></table><p class="totop"><a href="#summary">back to summary</a></p>
<h3 id="m3">TestCases.AdminReportIssueTest#TC004_Admin_can_able_to_respond_the_reported_issue_into_Resolved</h3><table class="result"><tr><th>Exception</th></tr><tr><td><div class="stacktrace">org.openqa.selenium.TimeoutException: Expected condition failed: waiting for visibility of Proxy element for: DefaultElementLocator &apos;By.xpath: //h5[contains(@class, &apos;mx-name-text17&apos;)]&apos; (tried for 50 second(s) with 500 milliseconds interval)
	at org.openqa.selenium.support.ui.WebDriverWait.timeoutException(WebDriverWait.java:84)
	at org.openqa.selenium.support.ui.FluentWait.until(FluentWait.java:228)
	at TestCases.AdminReportIssueTest.TC004_Admin_can_able_to_respond_the_reported_issue_into_Resolved(AdminReportIssueTest.java:178)
	at java.base/java.util.ArrayList.forEach(ArrayList.java:1511)
Caused by: org.openqa.selenium.NoSuchElementException: no such element: Unable to locate element: {&quot;method&quot;:&quot;xpath&quot;,&quot;selector&quot;:&quot;//h5[contains(@class, &apos;mx-name-text17&apos;)]&quot;}
  (Session info: chrome=131.0.6778.205)
For documentation on this error, please visit: https://www.selenium.dev/documentation/webdriver/troubleshooting/errors#no-such-element-exception
Build info: version: &apos;4.24.0&apos;, revision: &apos;748ffc9bc3&apos;
System info: os.name: &apos;Windows 11&apos;, os.arch: &apos;amd64&apos;, os.version: &apos;10.0&apos;, java.version: &apos;17.0.9&apos;
Driver info: org.openqa.selenium.chrome.ChromeDriver
Command: [63adf348296f8a627a6668607be89417, findElement {using=xpath, value=//h5[contains(@class, &apos;mx-name-text17&apos;)]}]
Capabilities {acceptInsecureCerts: false, browserName: chrome, browserVersion: 131.0.6778.205, chrome: {chromedriverVersion: 131.0.6778.204 (52183f9e99a..., userDataDir: C:\Users\phyne\AppData\Loca...}, fedcm:accounts: true, goog:chromeOptions: {debuggerAddress: localhost:65037}, networkConnectionEnabled: false, pageLoadStrategy: normal, platformName: windows, proxy: Proxy(), se:cdp: ws://localhost:65037/devtoo..., se:cdpVersion: 131.0.6778.205, setWindowRect: true, strictFileInteractability: false, timeouts: {implicit: 0, pageLoad: 300000, script: 30000}, unhandledPromptBehavior: dismiss and notify, webauthn:extension:credBlob: true, webauthn:extension:largeBlob: true, webauthn:extension:minPinLength: true, webauthn:extension:prf: true, webauthn:virtualAuthenticators: true}
Session ID: 63adf348296f8a627a6668607be89417
	at org.openqa.selenium.remote.ErrorCodec.decode(ErrorCodec.java:167)
	at org.openqa.selenium.remote.codec.w3c.W3CHttpResponseCodec.decode(W3CHttpResponseCodec.java:138)
	at org.openqa.selenium.remote.codec.w3c.W3CHttpResponseCodec.decode(W3CHttpResponseCodec.java:50)
	at org.openqa.selenium.remote.HttpCommandExecutor.execute(HttpCommandExecutor.java:190)
	at org.openqa.selenium.remote.service.DriverCommandExecutor.invokeExecute(DriverCommandExecutor.java:216)
	at org.openqa.selenium.remote.service.DriverCommandExecutor.execute(DriverCommandExecutor.java:174)
	at org.openqa.selenium.remote.RemoteWebDriver.execute(RemoteWebDriver.java:545)
	at org.openqa.selenium.remote.ElementLocation$ElementFinder$2.findElement(ElementLocation.java:165)
	at org.openqa.selenium.remote.ElementLocation.findElement(ElementLocation.java:59)
	at org.openqa.selenium.remote.RemoteWebDriver.findElement(RemoteWebDriver.java:368)
	at org.openqa.selenium.remote.RemoteWebDriver.findElement(RemoteWebDriver.java:362)
	at org.openqa.selenium.support.pagefactory.DefaultElementLocator.findElement(DefaultElementLocator.java:68)
	at org.openqa.selenium.support.pagefactory.internal.LocatingElementHandler.invoke(LocatingElementHandler.java:38)
	at jdk.proxy2/jdk.proxy2.$Proxy14.isDisplayed(Unknown Source)
	at org.openqa.selenium.support.ui.ExpectedConditions.elementIfVisible(ExpectedConditions.java:304)
	at org.openqa.selenium.support.ui.ExpectedConditions$10.apply(ExpectedConditions.java:290)
	at org.openqa.selenium.support.ui.ExpectedConditions$10.apply(ExpectedConditions.java:287)
	at org.openqa.selenium.support.ui.FluentWait.until(FluentWait.java:203)
	... 29 more
... Removed 32 stack frames</div></td></tr></table><p class="totop"><a href="#summary">back to summary</a></p>
<h3 id="m4">TestCases.UserFAQTest#TC001_User_can_able_to_verify_the_category_to_each_FAQ</h3><table class="result"><tr><th>Exception</th></tr><tr><td><div class="stacktrace">java.lang.AssertionError: expected [true] but found [false]
	at TestCases.UserFAQTest.TC001_User_can_able_to_verify_the_category_to_each_FAQ(UserFAQTest.java:52)
	at java.base/java.util.ArrayList.forEach(ArrayList.java:1511)
... Removed 31 stack frames</div></td></tr></table><p class="totop"><a href="#summary">back to summary</a></p>
<h3 id="m5">TestCases.UserFAQTest#TC002_User_can_able_to_verify_the_reportIssue_and_BookMark_Button_in_FAQ</h3><table class="result"><tr><th>Exception</th></tr><tr><td><div class="stacktrace">java.lang.AssertionError: expected [true] but found [false]
	at TestCases.UserFAQTest.TC002_User_can_able_to_verify_the_reportIssue_and_BookMark_Button_in_FAQ(UserFAQTest.java:121)
	at java.base/java.util.ArrayList.forEach(ArrayList.java:1511)
... Removed 31 stack frames</div></td></tr></table><p class="totop"><a href="#summary">back to summary</a></p>
<h3 id="m6">TestCases.UserFAQTest#TC003_User_can_able_to_verify_that_FAQ_reportIssue_can_able_to_send</h3><table class="result"><tr><th>Exception</th></tr><tr><td><div class="stacktrace">java.lang.AssertionError: expected [true] but found [false]
	at TestCases.UserFAQTest.TC003_User_can_able_to_verify_that_FAQ_reportIssue_can_able_to_send(UserFAQTest.java:185)
	at java.base/java.util.ArrayList.forEach(ArrayList.java:1511)
... Removed 31 stack frames</div></td></tr></table><p class="totop"><a href="#summary">back to summary</a></p>
<h3 id="m7">TestCases.UserFAQTest#TC004_User_can_able_to_verify_that_like_and_dislike_the_FAQ</h3><table class="result"><tr><th>Exception</th></tr><tr><td><div class="stacktrace">java.lang.AssertionError: expected [true] but found [false]
	at TestCases.UserFAQTest.TC004_User_can_able_to_verify_that_like_and_dislike_the_FAQ(UserFAQTest.java:231)
	at java.base/java.util.ArrayList.forEach(ArrayList.java:1511)
... Removed 31 stack frames</div></td></tr></table><p class="totop"><a href="#summary">back to summary</a></p>
<h3 id="m8">TestCases.UserReportIssueTest#TC003_User_cannot_able_to_send_Issue_report_without_type_of_Issue_and_Description</h3><table class="result"><tr><th>Exception</th></tr><tr><td><div class="stacktrace">java.lang.AssertionError: expected [true] but found [false]
	at TestCases.UserReportIssueTest.TC003_User_cannot_able_to_send_Issue_report_without_type_of_Issue_and_Description(UserReportIssueTest.java:155)
	at java.base/java.util.ArrayList.forEach(ArrayList.java:1511)
... Removed 31 stack frames</div></td></tr></table><p class="totop"><a href="#summary">back to summary</a></p>
<h3 id="m9">TestCases.AdminFAQTest#TC001_Admin_can_able_to_Create_the_New_Category</h3><table class="result"><tr><th class="invisible"/></tr></table><p class="totop"><a href="#summary">back to summary</a></p>
<h3 id="m10">TestCases.AdminFAQTest#TC002_Admin_can_able_to_Create_the_Question_and_Answer_of_the_Category</h3><table class="result"><tr><th class="invisible"/></tr></table><p class="totop"><a href="#summary">back to summary</a></p>
<h3 id="m11">TestCases.AdminFAQTest#TC003_Admin_can_able_to_Edit_and_Delete_the_existing_Category</h3><table class="result"><tr><th class="invisible"/></tr></table><p class="totop"><a href="#summary">back to summary</a></p>
<h3 id="m12">TestCases.AdminFAQTest#TC004_Admin_can_able_to_Edit_and_Delete_the_Question_and_Answer_of_the_Category</h3><table class="result"><tr><th class="invisible"/></tr></table><p class="totop"><a href="#summary">back to summary</a></p>
<h3 id="m13">TestCases.AdminFAQTest#TC006_Admin_can_able_to_Search_the_Category</h3><table class="result"><tr><th class="invisible"/></tr></table><p class="totop"><a href="#summary">back to summary</a></p>
<h3 id="m14">TestCases.AdminReportIssueTest#TC001_Admin_can_able_to_click_on_the_navigation_issue_report</h3><table class="result"><tr><th class="invisible"/></tr></table><p class="totop"><a href="#summary">back to summary</a></p>
<h3 id="m15">TestCases.AdminReportIssueTest#TC005_Admin_cannot_able_to_respond_the_reported_issue_without_comment</h3><table class="result"><tr><th class="invisible"/></tr></table><p class="totop"><a href="#summary">back to summary</a></p>
<h3 id="m16">TestCases.UserReportIssueTest#TC001_User_can_able_to_send_Issue_report_with_user_details</h3><table class="result"><tr><th class="invisible"/></tr></table><p class="totop"><a href="#summary">back to summary</a></p>
<h3 id="m17">TestCases.UserReportIssueTest#TC002_User_can_able_to_send_Issue_report_Anonymously</h3><table class="result"><tr><th class="invisible"/></tr></table><p class="totop"><a href="#summary">back to summary</a></p>
</body>
</html>
