<!DOCTYPE html>

<html>
  <head>
  <meta charset='utf-8'>
  <title>TestNG reports</title>

    <link type="text/css" href="testng-reports1.css" rel="stylesheet" id="ultra" />
    <link type="text/css" href="testng-reports.css" rel="stylesheet" id="retro" disabled="false"/>
    <script type="text/javascript" src="jquery-3.6.0.min.js"></script>
    <script type="text/javascript" src="testng-reports.js"></script>
    <script type="text/javascript" src="https://www.google.com/jsapi"></script>
    <script type='text/javascript'>
      google.load('visualization', '1', {packages:['table']});
      google.setOnLoadCallback(drawTable);
      var suiteTableInitFunctions = new Array();
      var suiteTableData = new Array();
    </script>
    <!--
      <script type="text/javascript" src="jquery-ui/js/jquery-ui-1.8.16.custom.min.js"></script>
     -->
  </head>

  <body>    <div class="top-banner-root">
      <span class="top-banner-title-font">Test results</span>
      <button id="button" class="button">Switch Retro Theme</button> <!-- button -->
      <br/>
      <span class="top-banner-font-1">1 suite, 9 failed tests</span>
    </div> <!-- top-banner-root -->
    <div class="navigator-root">
      <div class="navigator-suite-header">
        <span>All suites</span>
        <a href="#" title="Collapse/expand all the suites" class="collapse-all-link">
          <img src="collapseall.gif" class="collapse-all-icon">
          </img> <!-- collapse-all-icon -->
        </a> <!-- collapse-all-link -->
      </div> <!-- navigator-suite-header -->
      <div class="suite">
        <div class="rounded-window">
          <div class="suite-header light-rounded-window-top">
            <a href="#" panel-name="suite-Test_Suite" class="navigator-link">
              <span class="suite-name border-failed">Test Suite</span>
            </a> <!-- navigator-link -->
          </div> <!-- suite-header light-rounded-window-top -->
          <div class="navigator-suite-content">
            <div class="suite-section-title">
              <span>Info</span>
            </div> <!-- suite-section-title -->
            <div class="suite-section-content">
              <ul>
                <li>
                  <a href="#" panel-name="test-xml-Test_Suite" class="navigator-link ">
                    <span>C:\Users\phyne\eclipse-workspace\webportalboilerplate\sprint5.xml</span>
                  </a> <!-- navigator-link  -->
                </li>
                <li>
                  <a href="#" panel-name="testlist-Test_Suite" class="navigator-link ">
                    <span class="test-stats">1 test</span>
                  </a> <!-- navigator-link  -->
                </li>
                <li>
                  <a href="#" panel-name="group-Test_Suite" class="navigator-link ">
                    <span>0 groups</span>
                  </a> <!-- navigator-link  -->
                </li>
                <li>
                  <a href="#" panel-name="times-Test_Suite" class="navigator-link ">
                    <span>Times</span>
                  </a> <!-- navigator-link  -->
                </li>
                <li>
                  <a href="#" panel-name="reporter-Test_Suite" class="navigator-link ">
                    <span>Reporter output</span>
                  </a> <!-- navigator-link  -->
                </li>
                <li>
                  <a href="#" panel-name="ignored-methods-Test_Suite" class="navigator-link ">
                    <span>Ignored methods</span>
                  </a> <!-- navigator-link  -->
                </li>
                <li>
                  <a href="#" panel-name="chronological-Test_Suite" class="navigator-link ">
                    <span>Chronological view</span>
                  </a> <!-- navigator-link  -->
                </li>
              </ul>
            </div> <!-- suite-section-content -->
            <div class="result-section">
              <div class="suite-section-title">
                <span>Results</span>
              </div> <!-- suite-section-title -->
              <div class="suite-section-content">
                <ul>
                  <li>
                    <span class="method-stats">18 methods, 9 failed,   9 passed</span>
                  </li>
                  <li>
                    <span class="method-list-title failed">Failed methods</span>
                    <span class="show-or-hide-methods failed">
                      <a href="#" panel-name="suite-Test_Suite" class="hide-methods failed suite-Test_Suite"> (hide)</a> <!-- hide-methods failed suite-Test_Suite -->
                      <a href="#" panel-name="suite-Test_Suite" class="show-methods failed suite-Test_Suite"> (show)</a> <!-- show-methods failed suite-Test_Suite -->
                    </span>
                    <div class="method-list-content failed suite-Test_Suite">
                      <span>
                        <img src="failed.png" width="3%"/>
                        <a href="#" panel-name="suite-Test_Suite" title="TestCases.UserFAQTest" class="method navigator-link" hash-for-method="TC001_User_can_able_to_verify_the_category_to_each_FAQ">TC001_User_can_able_to_verify_the_category_to_each_FAQ</a> <!-- method navigator-link -->
                      </span>
                      <br/>
                      <span>
                        <img src="failed.png" width="3%"/>
                        <a href="#" panel-name="suite-Test_Suite" title="TestCases.AdminReportIssueTest" class="method navigator-link" hash-for-method="TC002_Admin_can_able_to_open_the_Reported_issue">TC002_Admin_can_able_to_open_the_Reported_issue</a> <!-- method navigator-link -->
                      </span>
                      <br/>
                      <span>
                        <img src="failed.png" width="3%"/>
                        <a href="#" panel-name="suite-Test_Suite" title="TestCases.UserFAQTest" class="method navigator-link" hash-for-method="TC002_User_can_able_to_verify_the_reportIssue_and_BookMark_Button_in_FAQ">TC002_User_can_able_to_verify_the_reportIssue_and_BookMark_Button_in_FAQ</a> <!-- method navigator-link -->
                      </span>
                      <br/>
                      <span>
                        <img src="failed.png" width="3%"/>
                        <a href="#" panel-name="suite-Test_Suite" title="TestCases.AdminReportIssueTest" class="method navigator-link" hash-for-method="TC003_Admin_can_able_to_respond_the_reported_issue_into_Inprogress">TC003_Admin_can_able_to_respond_the_reported_issue_into_Inprogress</a> <!-- method navigator-link -->
                      </span>
                      <br/>
                      <span>
                        <img src="failed.png" width="3%"/>
                        <a href="#" panel-name="suite-Test_Suite" title="TestCases.UserFAQTest" class="method navigator-link" hash-for-method="TC003_User_can_able_to_verify_that_FAQ_reportIssue_can_able_to_send">TC003_User_can_able_to_verify_that_FAQ_reportIssue_can_able_to_send</a> <!-- method navigator-link -->
                      </span>
                      <br/>
                      <span>
                        <img src="failed.png" width="3%"/>
                        <a href="#" panel-name="suite-Test_Suite" title="TestCases.UserReportIssueTest" class="method navigator-link" hash-for-method="TC003_User_cannot_able_to_send_Issue_report_without_type_of_Issue_and_Description">TC003_User_cannot_able_to_send_Issue_report_without_type_of_Issue_and_Description</a> <!-- method navigator-link -->
                      </span>
                      <br/>
                      <span>
                        <img src="failed.png" width="3%"/>
                        <a href="#" panel-name="suite-Test_Suite" title="TestCases.AdminReportIssueTest" class="method navigator-link" hash-for-method="TC004_Admin_can_able_to_respond_the_reported_issue_into_Resolved">TC004_Admin_can_able_to_respond_the_reported_issue_into_Resolved</a> <!-- method navigator-link -->
                      </span>
                      <br/>
                      <span>
                        <img src="failed.png" width="3%"/>
                        <a href="#" panel-name="suite-Test_Suite" title="TestCases.UserFAQTest" class="method navigator-link" hash-for-method="TC004_User_can_able_to_verify_that_like_and_dislike_the_FAQ">TC004_User_can_able_to_verify_that_like_and_dislike_the_FAQ</a> <!-- method navigator-link -->
                      </span>
                      <br/>
                      <span>
                        <img src="failed.png" width="3%"/>
                        <a href="#" panel-name="suite-Test_Suite" title="TestCases.AdminFAQTest" class="method navigator-link" hash-for-method="TC005_Admin_can_able_to_Verify_the_each_tab">TC005_Admin_can_able_to_Verify_the_each_tab</a> <!-- method navigator-link -->
                      </span>
                      <br/>
                    </div> <!-- method-list-content failed suite-Test_Suite -->
                  </li>
                  <li>
                    <span class="method-list-title passed">Passed methods</span>
                    <span class="show-or-hide-methods passed">
                      <a href="#" panel-name="suite-Test_Suite" class="hide-methods passed suite-Test_Suite"> (hide)</a> <!-- hide-methods passed suite-Test_Suite -->
                      <a href="#" panel-name="suite-Test_Suite" class="show-methods passed suite-Test_Suite"> (show)</a> <!-- show-methods passed suite-Test_Suite -->
                    </span>
                    <div class="method-list-content passed suite-Test_Suite">
                      <span>
                        <img src="passed.png" width="3%"/>
                        <a href="#" panel-name="suite-Test_Suite" title="TestCases.AdminFAQTest" class="method navigator-link" hash-for-method="TC001_Admin_can_able_to_Create_the_New_Category">TC001_Admin_can_able_to_Create_the_New_Category</a> <!-- method navigator-link -->
                      </span>
                      <br/>
                      <span>
                        <img src="passed.png" width="3%"/>
                        <a href="#" panel-name="suite-Test_Suite" title="TestCases.AdminReportIssueTest" class="method navigator-link" hash-for-method="TC001_Admin_can_able_to_click_on_the_navigation_issue_report">TC001_Admin_can_able_to_click_on_the_navigation_issue_report</a> <!-- method navigator-link -->
                      </span>
                      <br/>
                      <span>
                        <img src="passed.png" width="3%"/>
                        <a href="#" panel-name="suite-Test_Suite" title="TestCases.UserReportIssueTest" class="method navigator-link" hash-for-method="TC001_User_can_able_to_send_Issue_report_with_user_details">TC001_User_can_able_to_send_Issue_report_with_user_details</a> <!-- method navigator-link -->
                      </span>
                      <br/>
                      <span>
                        <img src="passed.png" width="3%"/>
                        <a href="#" panel-name="suite-Test_Suite" title="TestCases.AdminFAQTest" class="method navigator-link" hash-for-method="TC002_Admin_can_able_to_Create_the_Question_and_Answer_of_the_Category">TC002_Admin_can_able_to_Create_the_Question_and_Answer_of_the_Category</a> <!-- method navigator-link -->
                      </span>
                      <br/>
                      <span>
                        <img src="passed.png" width="3%"/>
                        <a href="#" panel-name="suite-Test_Suite" title="TestCases.UserReportIssueTest" class="method navigator-link" hash-for-method="TC002_User_can_able_to_send_Issue_report_Anonymously">TC002_User_can_able_to_send_Issue_report_Anonymously</a> <!-- method navigator-link -->
                      </span>
                      <br/>
                      <span>
                        <img src="passed.png" width="3%"/>
                        <a href="#" panel-name="suite-Test_Suite" title="TestCases.AdminFAQTest" class="method navigator-link" hash-for-method="TC003_Admin_can_able_to_Edit_and_Delete_the_existing_Category">TC003_Admin_can_able_to_Edit_and_Delete_the_existing_Category</a> <!-- method navigator-link -->
                      </span>
                      <br/>
                      <span>
                        <img src="passed.png" width="3%"/>
                        <a href="#" panel-name="suite-Test_Suite" title="TestCases.AdminFAQTest" class="method navigator-link" hash-for-method="TC004_Admin_can_able_to_Edit_and_Delete_the_Question_and_Answer_of_the_Category">TC004_Admin_can_able_to_Edit_and_Delete_the_Question_and_Answer_of_the_Category</a> <!-- method navigator-link -->
                      </span>
                      <br/>
                      <span>
                        <img src="passed.png" width="3%"/>
                        <a href="#" panel-name="suite-Test_Suite" title="TestCases.AdminReportIssueTest" class="method navigator-link" hash-for-method="TC005_Admin_cannot_able_to_respond_the_reported_issue_without_comment">TC005_Admin_cannot_able_to_respond_the_reported_issue_without_comment</a> <!-- method navigator-link -->
                      </span>
                      <br/>
                      <span>
                        <img src="passed.png" width="3%"/>
                        <a href="#" panel-name="suite-Test_Suite" title="TestCases.AdminFAQTest" class="method navigator-link" hash-for-method="TC006_Admin_can_able_to_Search_the_Category">TC006_Admin_can_able_to_Search_the_Category</a> <!-- method navigator-link -->
                      </span>
                      <br/>
                    </div> <!-- method-list-content passed suite-Test_Suite -->
                  </li>
                </ul>
              </div> <!-- suite-section-content -->
            </div> <!-- result-section -->
          </div> <!-- navigator-suite-content -->
        </div> <!-- rounded-window -->
      </div> <!-- suite -->
    </div> <!-- navigator-root -->
    <div class="wrapper">
      <div class="main-panel-root">
        <div panel-name="suite-Test_Suite" class="panel Test_Suite">
          <div class="suite-Test_Suite-class-failed">
            <div class="main-panel-header rounded-window-top">
              <img src="failed.png"/>
              <span class="class-name">TestCases.AdminReportIssueTest</span>
            </div> <!-- main-panel-header rounded-window-top -->
            <div class="main-panel-content rounded-window-bottom">
              <div class="method">
                <div class="method-content">
                  <a name="TC002_Admin_can_able_to_open_the_Reported_issue">
                  </a> <!-- TC002_Admin_can_able_to_open_the_Reported_issue -->
                  <span class="method-name">TC002_Admin_can_able_to_open_the_Reported_issue</span>
                  <div class="stack-trace">org.openqa.selenium.NoSuchElementException: no such element: Unable to locate element: {&quot;method&quot;:&quot;xpath&quot;,&quot;selector&quot;:&quot;//h5[contains(@class, &apos;mx-name-text3&apos;)]&quot;}
  (Session info: chrome=131.0.6778.205)
For documentation on this error, please visit: https://www.selenium.dev/documentation/webdriver/troubleshooting/errors#no-such-element-exception
Build info: version: &apos;4.24.0&apos;, revision: &apos;748ffc9bc3&apos;
System info: os.name: &apos;Windows 11&apos;, os.arch: &apos;amd64&apos;, os.version: &apos;10.0&apos;, java.version: &apos;17.0.9&apos;
Driver info: org.openqa.selenium.chrome.ChromeDriver
Command: [bd7c1d241ed9b47f30ab91492bd7f118, findElement {using=xpath, value=//h5[contains(@class, &apos;mx-name-text3&apos;)]}]
Capabilities {acceptInsecureCerts: false, browserName: chrome, browserVersion: 131.0.6778.205, chrome: {chromedriverVersion: 131.0.6778.204 (52183f9e99a..., userDataDir: C:\Users\phyne\AppData\Loca...}, fedcm:accounts: true, goog:chromeOptions: {debuggerAddress: localhost:64949}, networkConnectionEnabled: false, pageLoadStrategy: normal, platformName: windows, proxy: Proxy(), se:cdp: ws://localhost:64949/devtoo..., se:cdpVersion: 131.0.6778.205, setWindowRect: true, strictFileInteractability: false, timeouts: {implicit: 0, pageLoad: 300000, script: 30000}, unhandledPromptBehavior: dismiss and notify, webauthn:extension:credBlob: true, webauthn:extension:largeBlob: true, webauthn:extension:minPinLength: true, webauthn:extension:prf: true, webauthn:virtualAuthenticators: true}
Session ID: bd7c1d241ed9b47f30ab91492bd7f118
	at org.openqa.selenium.remote.ErrorCodec.decode(ErrorCodec.java:167)
	at org.openqa.selenium.remote.codec.w3c.W3CHttpResponseCodec.decode(W3CHttpResponseCodec.java:138)
	at org.openqa.selenium.remote.codec.w3c.W3CHttpResponseCodec.decode(W3CHttpResponseCodec.java:50)
	at org.openqa.selenium.remote.HttpCommandExecutor.execute(HttpCommandExecutor.java:190)
	at org.openqa.selenium.remote.service.DriverCommandExecutor.invokeExecute(DriverCommandExecutor.java:216)
	at org.openqa.selenium.remote.service.DriverCommandExecutor.execute(DriverCommandExecutor.java:174)
	at org.openqa.selenium.remote.RemoteWebDriver.execute(RemoteWebDriver.java:545)
	at org.openqa.selenium.remote.ElementLocation$ElementFinder$2.findElement(ElementLocation.java:165)
	at org.openqa.selenium.remote.ElementLocation.findElement(ElementLocation.java:59)
	at org.openqa.selenium.remote.RemoteWebDriver.findElement(RemoteWebDriver.java:368)
	at org.openqa.selenium.remote.RemoteWebDriver.findElement(RemoteWebDriver.java:362)
	at org.openqa.selenium.support.pagefactory.DefaultElementLocator.findElement(DefaultElementLocator.java:68)
	at org.openqa.selenium.support.pagefactory.internal.LocatingElementHandler.invoke(LocatingElementHandler.java:38)
	at jdk.proxy2/jdk.proxy2.$Proxy14.getText(Unknown Source)
	at TestCases.AdminReportIssueTest.TC002_Admin_can_able_to_open_the_Reported_issue(AdminReportIssueTest.java:87)
	at java.base/java.util.ArrayList.forEach(ArrayList.java:1511)
... Removed 32 stack frames
</div> <!-- stack-trace -->
                </div> <!-- method-content -->
              </div> <!-- method -->
              <div class="method">
                <div class="method-content">
                  <a name="TC003_Admin_can_able_to_respond_the_reported_issue_into_Inprogress">
                  </a> <!-- TC003_Admin_can_able_to_respond_the_reported_issue_into_Inprogress -->
                  <span class="method-name">TC003_Admin_can_able_to_respond_the_reported_issue_into_Inprogress</span>
                  <div class="stack-trace">org.openqa.selenium.TimeoutException: Expected condition failed: waiting for visibility of Proxy element for: DefaultElementLocator &apos;By.xpath: //h5[contains(@class, &apos;mx-name-text17&apos;)]&apos; (tried for 50 second(s) with 500 milliseconds interval)
	at org.openqa.selenium.support.ui.WebDriverWait.timeoutException(WebDriverWait.java:84)
	at org.openqa.selenium.support.ui.FluentWait.until(FluentWait.java:228)
	at TestCases.AdminReportIssueTest.TC003_Admin_can_able_to_respond_the_reported_issue_into_Inprogress(AdminReportIssueTest.java:137)
	at java.base/java.util.ArrayList.forEach(ArrayList.java:1511)
Caused by: org.openqa.selenium.NoSuchElementException: no such element: Unable to locate element: {&quot;method&quot;:&quot;xpath&quot;,&quot;selector&quot;:&quot;//h5[contains(@class, &apos;mx-name-text17&apos;)]&quot;}
  (Session info: chrome=131.0.6778.205)
For documentation on this error, please visit: https://www.selenium.dev/documentation/webdriver/troubleshooting/errors#no-such-element-exception
Build info: version: &apos;4.24.0&apos;, revision: &apos;748ffc9bc3&apos;
System info: os.name: &apos;Windows 11&apos;, os.arch: &apos;amd64&apos;, os.version: &apos;10.0&apos;, java.version: &apos;17.0.9&apos;
Driver info: org.openqa.selenium.chrome.ChromeDriver
Command: [ed0a41a736c3c6377e9b0c0ae2249c5d, findElement {using=xpath, value=//h5[contains(@class, &apos;mx-name-text17&apos;)]}]
Capabilities {acceptInsecureCerts: false, browserName: chrome, browserVersion: 131.0.6778.205, chrome: {chromedriverVersion: 131.0.6778.204 (52183f9e99a..., userDataDir: C:\Users\phyne\AppData\Loca...}, fedcm:accounts: true, goog:chromeOptions: {debuggerAddress: localhost:64977}, networkConnectionEnabled: false, pageLoadStrategy: normal, platformName: windows, proxy: Proxy(), se:cdp: ws://localhost:64977/devtoo..., se:cdpVersion: 131.0.6778.205, setWindowRect: true, strictFileInteractability: false, timeouts: {implicit: 0, pageLoad: 300000, script: 30000}, unhandledPromptBehavior: dismiss and notify, webauthn:extension:credBlob: true, webauthn:extension:largeBlob: true, webauthn:extension:minPinLength: true, webauthn:extension:prf: true, webauthn:virtualAuthenticators: true}
Session ID: ed0a41a736c3c6377e9b0c0ae2249c5d
	at org.openqa.selenium.remote.ErrorCodec.decode(ErrorCodec.java:167)
	at org.openqa.selenium.remote.codec.w3c.W3CHttpResponseCodec.decode(W3CHttpResponseCodec.java:138)
	at org.openqa.selenium.remote.codec.w3c.W3CHttpResponseCodec.decode(W3CHttpResponseCodec.java:50)
	at org.openqa.selenium.remote.HttpCommandExecutor.execute(HttpCommandExecutor.java:190)
	at org.openqa.selenium.remote.service.DriverCommandExecutor.invokeExecute(DriverCommandExecutor.java:216)
	at org.openqa.selenium.remote.service.DriverCommandExecutor.execute(DriverCommandExecutor.java:174)
	at org.openqa.selenium.remote.RemoteWebDriver.execute(RemoteWebDriver.java:545)
	at org.openqa.selenium.remote.ElementLocation$ElementFinder$2.findElement(ElementLocation.java:165)
	at org.openqa.selenium.remote.ElementLocation.findElement(ElementLocation.java:59)
	at org.openqa.selenium.remote.RemoteWebDriver.findElement(RemoteWebDriver.java:368)
	at org.openqa.selenium.remote.RemoteWebDriver.findElement(RemoteWebDriver.java:362)
	at org.openqa.selenium.support.pagefactory.DefaultElementLocator.findElement(DefaultElementLocator.java:68)
	at org.openqa.selenium.support.pagefactory.internal.LocatingElementHandler.invoke(LocatingElementHandler.java:38)
	at jdk.proxy2/jdk.proxy2.$Proxy14.isDisplayed(Unknown Source)
	at org.openqa.selenium.support.ui.ExpectedConditions.elementIfVisible(ExpectedConditions.java:304)
	at org.openqa.selenium.support.ui.ExpectedConditions$10.apply(ExpectedConditions.java:290)
	at org.openqa.selenium.support.ui.ExpectedConditions$10.apply(ExpectedConditions.java:287)
	at org.openqa.selenium.support.ui.FluentWait.until(FluentWait.java:203)
	... 29 more
... Removed 32 stack frames
</div> <!-- stack-trace -->
                </div> <!-- method-content -->
              </div> <!-- method -->
              <div class="method">
                <div class="method-content">
                  <a name="TC004_Admin_can_able_to_respond_the_reported_issue_into_Resolved">
                  </a> <!-- TC004_Admin_can_able_to_respond_the_reported_issue_into_Resolved -->
                  <span class="method-name">TC004_Admin_can_able_to_respond_the_reported_issue_into_Resolved</span>
                  <div class="stack-trace">org.openqa.selenium.TimeoutException: Expected condition failed: waiting for visibility of Proxy element for: DefaultElementLocator &apos;By.xpath: //h5[contains(@class, &apos;mx-name-text17&apos;)]&apos; (tried for 50 second(s) with 500 milliseconds interval)
	at org.openqa.selenium.support.ui.WebDriverWait.timeoutException(WebDriverWait.java:84)
	at org.openqa.selenium.support.ui.FluentWait.until(FluentWait.java:228)
	at TestCases.AdminReportIssueTest.TC004_Admin_can_able_to_respond_the_reported_issue_into_Resolved(AdminReportIssueTest.java:178)
	at java.base/java.util.ArrayList.forEach(ArrayList.java:1511)
Caused by: org.openqa.selenium.NoSuchElementException: no such element: Unable to locate element: {&quot;method&quot;:&quot;xpath&quot;,&quot;selector&quot;:&quot;//h5[contains(@class, &apos;mx-name-text17&apos;)]&quot;}
  (Session info: chrome=131.0.6778.205)
For documentation on this error, please visit: https://www.selenium.dev/documentation/webdriver/troubleshooting/errors#no-such-element-exception
Build info: version: &apos;4.24.0&apos;, revision: &apos;748ffc9bc3&apos;
System info: os.name: &apos;Windows 11&apos;, os.arch: &apos;amd64&apos;, os.version: &apos;10.0&apos;, java.version: &apos;17.0.9&apos;
Driver info: org.openqa.selenium.chrome.ChromeDriver
Command: [63adf348296f8a627a6668607be89417, findElement {using=xpath, value=//h5[contains(@class, &apos;mx-name-text17&apos;)]}]
Capabilities {acceptInsecureCerts: false, browserName: chrome, browserVersion: 131.0.6778.205, chrome: {chromedriverVersion: 131.0.6778.204 (52183f9e99a..., userDataDir: C:\Users\phyne\AppData\Loca...}, fedcm:accounts: true, goog:chromeOptions: {debuggerAddress: localhost:65037}, networkConnectionEnabled: false, pageLoadStrategy: normal, platformName: windows, proxy: Proxy(), se:cdp: ws://localhost:65037/devtoo..., se:cdpVersion: 131.0.6778.205, setWindowRect: true, strictFileInteractability: false, timeouts: {implicit: 0, pageLoad: 300000, script: 30000}, unhandledPromptBehavior: dismiss and notify, webauthn:extension:credBlob: true, webauthn:extension:largeBlob: true, webauthn:extension:minPinLength: true, webauthn:extension:prf: true, webauthn:virtualAuthenticators: true}
Session ID: 63adf348296f8a627a6668607be89417
	at org.openqa.selenium.remote.ErrorCodec.decode(ErrorCodec.java:167)
	at org.openqa.selenium.remote.codec.w3c.W3CHttpResponseCodec.decode(W3CHttpResponseCodec.java:138)
	at org.openqa.selenium.remote.codec.w3c.W3CHttpResponseCodec.decode(W3CHttpResponseCodec.java:50)
	at org.openqa.selenium.remote.HttpCommandExecutor.execute(HttpCommandExecutor.java:190)
	at org.openqa.selenium.remote.service.DriverCommandExecutor.invokeExecute(DriverCommandExecutor.java:216)
	at org.openqa.selenium.remote.service.DriverCommandExecutor.execute(DriverCommandExecutor.java:174)
	at org.openqa.selenium.remote.RemoteWebDriver.execute(RemoteWebDriver.java:545)
	at org.openqa.selenium.remote.ElementLocation$ElementFinder$2.findElement(ElementLocation.java:165)
	at org.openqa.selenium.remote.ElementLocation.findElement(ElementLocation.java:59)
	at org.openqa.selenium.remote.RemoteWebDriver.findElement(RemoteWebDriver.java:368)
	at org.openqa.selenium.remote.RemoteWebDriver.findElement(RemoteWebDriver.java:362)
	at org.openqa.selenium.support.pagefactory.DefaultElementLocator.findElement(DefaultElementLocator.java:68)
	at org.openqa.selenium.support.pagefactory.internal.LocatingElementHandler.invoke(LocatingElementHandler.java:38)
	at jdk.proxy2/jdk.proxy2.$Proxy14.isDisplayed(Unknown Source)
	at org.openqa.selenium.support.ui.ExpectedConditions.elementIfVisible(ExpectedConditions.java:304)
	at org.openqa.selenium.support.ui.ExpectedConditions$10.apply(ExpectedConditions.java:290)
	at org.openqa.selenium.support.ui.ExpectedConditions$10.apply(ExpectedConditions.java:287)
	at org.openqa.selenium.support.ui.FluentWait.until(FluentWait.java:203)
	... 29 more
... Removed 32 stack frames
</div> <!-- stack-trace -->
                </div> <!-- method-content -->
              </div> <!-- method -->
            </div> <!-- main-panel-content rounded-window-bottom -->
          </div> <!-- suite-Test_Suite-class-failed -->
          <div class="suite-Test_Suite-class-failed">
            <div class="main-panel-header rounded-window-top">
              <img src="failed.png"/>
              <span class="class-name">TestCases.UserFAQTest</span>
            </div> <!-- main-panel-header rounded-window-top -->
            <div class="main-panel-content rounded-window-bottom">
              <div class="method">
                <div class="method-content">
                  <a name="TC001_User_can_able_to_verify_the_category_to_each_FAQ">
                  </a> <!-- TC001_User_can_able_to_verify_the_category_to_each_FAQ -->
                  <span class="method-name">TC001_User_can_able_to_verify_the_category_to_each_FAQ</span>
                  <div class="stack-trace">java.lang.AssertionError: expected [true] but found [false]
	at TestCases.UserFAQTest.TC001_User_can_able_to_verify_the_category_to_each_FAQ(UserFAQTest.java:52)
	at java.base/java.util.ArrayList.forEach(ArrayList.java:1511)
... Removed 31 stack frames
</div> <!-- stack-trace -->
                </div> <!-- method-content -->
              </div> <!-- method -->
              <div class="method">
                <div class="method-content">
                  <a name="TC002_User_can_able_to_verify_the_reportIssue_and_BookMark_Button_in_FAQ">
                  </a> <!-- TC002_User_can_able_to_verify_the_reportIssue_and_BookMark_Button_in_FAQ -->
                  <span class="method-name">TC002_User_can_able_to_verify_the_reportIssue_and_BookMark_Button_in_FAQ</span>
                  <div class="stack-trace">java.lang.AssertionError: expected [true] but found [false]
	at TestCases.UserFAQTest.TC002_User_can_able_to_verify_the_reportIssue_and_BookMark_Button_in_FAQ(UserFAQTest.java:121)
	at java.base/java.util.ArrayList.forEach(ArrayList.java:1511)
... Removed 31 stack frames
</div> <!-- stack-trace -->
                </div> <!-- method-content -->
              </div> <!-- method -->
              <div class="method">
                <div class="method-content">
                  <a name="TC003_User_can_able_to_verify_that_FAQ_reportIssue_can_able_to_send">
                  </a> <!-- TC003_User_can_able_to_verify_that_FAQ_reportIssue_can_able_to_send -->
                  <span class="method-name">TC003_User_can_able_to_verify_that_FAQ_reportIssue_can_able_to_send</span>
                  <div class="stack-trace">java.lang.AssertionError: expected [true] but found [false]
	at TestCases.UserFAQTest.TC003_User_can_able_to_verify_that_FAQ_reportIssue_can_able_to_send(UserFAQTest.java:185)
	at java.base/java.util.ArrayList.forEach(ArrayList.java:1511)
... Removed 31 stack frames
</div> <!-- stack-trace -->
                </div> <!-- method-content -->
              </div> <!-- method -->
              <div class="method">
                <div class="method-content">
                  <a name="TC004_User_can_able_to_verify_that_like_and_dislike_the_FAQ">
                  </a> <!-- TC004_User_can_able_to_verify_that_like_and_dislike_the_FAQ -->
                  <span class="method-name">TC004_User_can_able_to_verify_that_like_and_dislike_the_FAQ</span>
                  <div class="stack-trace">java.lang.AssertionError: expected [true] but found [false]
	at TestCases.UserFAQTest.TC004_User_can_able_to_verify_that_like_and_dislike_the_FAQ(UserFAQTest.java:231)
	at java.base/java.util.ArrayList.forEach(ArrayList.java:1511)
... Removed 31 stack frames
</div> <!-- stack-trace -->
                </div> <!-- method-content -->
              </div> <!-- method -->
            </div> <!-- main-panel-content rounded-window-bottom -->
          </div> <!-- suite-Test_Suite-class-failed -->
          <div class="suite-Test_Suite-class-failed">
            <div class="main-panel-header rounded-window-top">
              <img src="failed.png"/>
              <span class="class-name">TestCases.UserReportIssueTest</span>
            </div> <!-- main-panel-header rounded-window-top -->
            <div class="main-panel-content rounded-window-bottom">
              <div class="method">
                <div class="method-content">
                  <a name="TC003_User_cannot_able_to_send_Issue_report_without_type_of_Issue_and_Description">
                  </a> <!-- TC003_User_cannot_able_to_send_Issue_report_without_type_of_Issue_and_Description -->
                  <span class="method-name">TC003_User_cannot_able_to_send_Issue_report_without_type_of_Issue_and_Description</span>
                  <div class="stack-trace">java.lang.AssertionError: expected [true] but found [false]
	at TestCases.UserReportIssueTest.TC003_User_cannot_able_to_send_Issue_report_without_type_of_Issue_and_Description(UserReportIssueTest.java:155)
	at java.base/java.util.ArrayList.forEach(ArrayList.java:1511)
... Removed 31 stack frames
</div> <!-- stack-trace -->
                </div> <!-- method-content -->
              </div> <!-- method -->
            </div> <!-- main-panel-content rounded-window-bottom -->
          </div> <!-- suite-Test_Suite-class-failed -->
          <div class="suite-Test_Suite-class-failed">
            <div class="main-panel-header rounded-window-top">
              <img src="failed.png"/>
              <span class="class-name">TestCases.AdminFAQTest</span>
            </div> <!-- main-panel-header rounded-window-top -->
            <div class="main-panel-content rounded-window-bottom">
              <div class="method">
                <div class="method-content">
                  <a name="TC005_Admin_can_able_to_Verify_the_each_tab">
                  </a> <!-- TC005_Admin_can_able_to_Verify_the_each_tab -->
                  <span class="method-name">TC005_Admin_can_able_to_Verify_the_each_tab</span>
                  <div class="stack-trace">java.lang.AssertionError: expected [true] but found [false]
	at TestCases.AdminFAQTest.TC005_Admin_can_able_to_Verify_the_each_tab(AdminFAQTest.java:312)
	at java.base/java.util.ArrayList.forEach(ArrayList.java:1511)
... Removed 31 stack frames
</div> <!-- stack-trace -->
                </div> <!-- method-content -->
              </div> <!-- method -->
            </div> <!-- main-panel-content rounded-window-bottom -->
          </div> <!-- suite-Test_Suite-class-failed -->
          <div class="suite-Test_Suite-class-passed">
            <div class="main-panel-header rounded-window-top">
              <img src="passed.png"/>
              <span class="class-name">TestCases.AdminReportIssueTest</span>
            </div> <!-- main-panel-header rounded-window-top -->
            <div class="main-panel-content rounded-window-bottom">
              <div class="method">
                <div class="method-content">
                  <a name="TC001_Admin_can_able_to_click_on_the_navigation_issue_report">
                  </a> <!-- TC001_Admin_can_able_to_click_on_the_navigation_issue_report -->
                  <span class="method-name">TC001_Admin_can_able_to_click_on_the_navigation_issue_report</span>
                </div> <!-- method-content -->
              </div> <!-- method -->
              <div class="method">
                <div class="method-content">
                  <a name="TC005_Admin_cannot_able_to_respond_the_reported_issue_without_comment">
                  </a> <!-- TC005_Admin_cannot_able_to_respond_the_reported_issue_without_comment -->
                  <span class="method-name">TC005_Admin_cannot_able_to_respond_the_reported_issue_without_comment</span>
                </div> <!-- method-content -->
              </div> <!-- method -->
            </div> <!-- main-panel-content rounded-window-bottom -->
          </div> <!-- suite-Test_Suite-class-passed -->
          <div class="suite-Test_Suite-class-passed">
            <div class="main-panel-header rounded-window-top">
              <img src="passed.png"/>
              <span class="class-name">TestCases.UserReportIssueTest</span>
            </div> <!-- main-panel-header rounded-window-top -->
            <div class="main-panel-content rounded-window-bottom">
              <div class="method">
                <div class="method-content">
                  <a name="TC001_User_can_able_to_send_Issue_report_with_user_details">
                  </a> <!-- TC001_User_can_able_to_send_Issue_report_with_user_details -->
                  <span class="method-name">TC001_User_can_able_to_send_Issue_report_with_user_details</span>
                </div> <!-- method-content -->
              </div> <!-- method -->
              <div class="method">
                <div class="method-content">
                  <a name="TC002_User_can_able_to_send_Issue_report_Anonymously">
                  </a> <!-- TC002_User_can_able_to_send_Issue_report_Anonymously -->
                  <span class="method-name">TC002_User_can_able_to_send_Issue_report_Anonymously</span>
                </div> <!-- method-content -->
              </div> <!-- method -->
            </div> <!-- main-panel-content rounded-window-bottom -->
          </div> <!-- suite-Test_Suite-class-passed -->
          <div class="suite-Test_Suite-class-passed">
            <div class="main-panel-header rounded-window-top">
              <img src="passed.png"/>
              <span class="class-name">TestCases.AdminFAQTest</span>
            </div> <!-- main-panel-header rounded-window-top -->
            <div class="main-panel-content rounded-window-bottom">
              <div class="method">
                <div class="method-content">
                  <a name="TC001_Admin_can_able_to_Create_the_New_Category">
                  </a> <!-- TC001_Admin_can_able_to_Create_the_New_Category -->
                  <span class="method-name">TC001_Admin_can_able_to_Create_the_New_Category</span>
                </div> <!-- method-content -->
              </div> <!-- method -->
              <div class="method">
                <div class="method-content">
                  <a name="TC002_Admin_can_able_to_Create_the_Question_and_Answer_of_the_Category">
                  </a> <!-- TC002_Admin_can_able_to_Create_the_Question_and_Answer_of_the_Category -->
                  <span class="method-name">TC002_Admin_can_able_to_Create_the_Question_and_Answer_of_the_Category</span>
                </div> <!-- method-content -->
              </div> <!-- method -->
              <div class="method">
                <div class="method-content">
                  <a name="TC003_Admin_can_able_to_Edit_and_Delete_the_existing_Category">
                  </a> <!-- TC003_Admin_can_able_to_Edit_and_Delete_the_existing_Category -->
                  <span class="method-name">TC003_Admin_can_able_to_Edit_and_Delete_the_existing_Category</span>
                </div> <!-- method-content -->
              </div> <!-- method -->
              <div class="method">
                <div class="method-content">
                  <a name="TC004_Admin_can_able_to_Edit_and_Delete_the_Question_and_Answer_of_the_Category">
                  </a> <!-- TC004_Admin_can_able_to_Edit_and_Delete_the_Question_and_Answer_of_the_Category -->
                  <span class="method-name">TC004_Admin_can_able_to_Edit_and_Delete_the_Question_and_Answer_of_the_Category</span>
                </div> <!-- method-content -->
              </div> <!-- method -->
              <div class="method">
                <div class="method-content">
                  <a name="TC006_Admin_can_able_to_Search_the_Category">
                  </a> <!-- TC006_Admin_can_able_to_Search_the_Category -->
                  <span class="method-name">TC006_Admin_can_able_to_Search_the_Category</span>
                </div> <!-- method-content -->
              </div> <!-- method -->
            </div> <!-- main-panel-content rounded-window-bottom -->
          </div> <!-- suite-Test_Suite-class-passed -->
        </div> <!-- panel Test_Suite -->
        <div panel-name="test-xml-Test_Suite" class="panel">
          <div class="main-panel-header rounded-window-top">
            <span class="header-content">C:\Users\phyne\eclipse-workspace\webportalboilerplate\sprint5.xml</span>
          </div> <!-- main-panel-header rounded-window-top -->
          <div class="main-panel-content rounded-window-bottom">
            <pre>
&lt;?xml version=&quot;1.0&quot; encoding=&quot;UTF-8&quot;?&gt;
&lt;!DOCTYPE suite SYSTEM &quot;https://testng.org/testng-1.0.dtd&quot;&gt;
&lt;suite name=&quot;Test Suite&quot; guice-stage=&quot;DEVELOPMENT&quot;&gt;
  &lt;test thread-count=&quot;5&quot; name=&quot;Client Tests&quot;&gt;
    &lt;parameter name=&quot;env&quot; value=&quot;client&quot;/&gt;
    &lt;classes&gt;
      &lt;class name=&quot;TestCases.AdminReportIssueTest&quot;/&gt;
      &lt;class name=&quot;TestCases.UserFAQTest&quot;/&gt;
      &lt;class name=&quot;TestCases.UserReportIssueTest&quot;/&gt;
      &lt;class name=&quot;TestCases.AdminFAQTest&quot;/&gt;
    &lt;/classes&gt;
  &lt;/test&gt; &lt;!-- Client Tests --&gt;
&lt;/suite&gt; &lt;!-- Test Suite --&gt;
            </pre>
          </div> <!-- main-panel-content rounded-window-bottom -->
        </div> <!-- panel -->
        <div panel-name="testlist-Test_Suite" class="panel">
          <div class="main-panel-header rounded-window-top">
            <span class="header-content">Tests for Test Suite</span>
          </div> <!-- main-panel-header rounded-window-top -->
          <div class="main-panel-content rounded-window-bottom">
            <ul>
              <li>
                <span class="test-name">Client Tests (4 classes)</span>
              </li>
            </ul>
          </div> <!-- main-panel-content rounded-window-bottom -->
        </div> <!-- panel -->
        <div panel-name="group-Test_Suite" class="panel">
          <div class="main-panel-header rounded-window-top">
            <span class="header-content">Groups for Test Suite</span>
          </div> <!-- main-panel-header rounded-window-top -->
          <div class="main-panel-content rounded-window-bottom">
          </div> <!-- main-panel-content rounded-window-bottom -->
        </div> <!-- panel -->
        <div panel-name="times-Test_Suite" class="panel">
          <div class="main-panel-header rounded-window-top">
            <span class="header-content">Times for Test Suite</span>
          </div> <!-- main-panel-header rounded-window-top -->
          <div class="main-panel-content rounded-window-bottom">
            <div class="times-div">
              <script type="text/javascript">
suiteTableInitFunctions.push('tableData_Test_Suite');
function tableData_Test_Suite() {
var data = new google.visualization.DataTable();
data.addColumn('number', 'Number');
data.addColumn('string', 'Method');
data.addColumn('string', 'Class');
data.addColumn('number', 'Time (ms)');
data.addRows(18);
data.setCell(0, 0, 0)
data.setCell(0, 1, 'TC004_Admin_can_able_to_respond_the_reported_issue_into_Resolved')
data.setCell(0, 2, 'TestCases.AdminReportIssueTest')
data.setCell(0, 3, 67656);
data.setCell(1, 0, 1)
data.setCell(1, 1, 'TC003_Admin_can_able_to_respond_the_reported_issue_into_Inprogress')
data.setCell(1, 2, 'TestCases.AdminReportIssueTest')
data.setCell(1, 3, 67541);
data.setCell(2, 0, 2)
data.setCell(2, 1, 'TC006_Admin_can_able_to_Search_the_Category')
data.setCell(2, 2, 'TestCases.AdminFAQTest')
data.setCell(2, 3, 35728);
data.setCell(3, 0, 3)
data.setCell(3, 1, 'TC004_Admin_can_able_to_Edit_and_Delete_the_Question_and_Answer_of_the_Category')
data.setCell(3, 2, 'TestCases.AdminFAQTest')
data.setCell(3, 3, 35515);
data.setCell(4, 0, 4)
data.setCell(4, 1, 'TC002_User_can_able_to_verify_the_reportIssue_and_BookMark_Button_in_FAQ')
data.setCell(4, 2, 'TestCases.UserFAQTest')
data.setCell(4, 3, 28107);
data.setCell(5, 0, 5)
data.setCell(5, 1, 'TC002_Admin_can_able_to_Create_the_Question_and_Answer_of_the_Category')
data.setCell(5, 2, 'TestCases.AdminFAQTest')
data.setCell(5, 3, 25431);
data.setCell(6, 0, 6)
data.setCell(6, 1, 'TC003_Admin_can_able_to_Edit_and_Delete_the_existing_Category')
data.setCell(6, 2, 'TestCases.AdminFAQTest')
data.setCell(6, 3, 19894);
data.setCell(7, 0, 7)
data.setCell(7, 1, 'TC001_Admin_can_able_to_Create_the_New_Category')
data.setCell(7, 2, 'TestCases.AdminFAQTest')
data.setCell(7, 3, 16145);
data.setCell(8, 0, 8)
data.setCell(8, 1, 'TC002_Admin_can_able_to_open_the_Reported_issue')
data.setCell(8, 2, 'TestCases.AdminReportIssueTest')
data.setCell(8, 3, 15504);
data.setCell(9, 0, 9)
data.setCell(9, 1, 'TC003_User_can_able_to_verify_that_FAQ_reportIssue_can_able_to_send')
data.setCell(9, 2, 'TestCases.UserFAQTest')
data.setCell(9, 3, 11455);
data.setCell(10, 0, 10)
data.setCell(10, 1, 'TC002_User_can_able_to_send_Issue_report_Anonymously')
data.setCell(10, 2, 'TestCases.UserReportIssueTest')
data.setCell(10, 3, 6766);
data.setCell(11, 0, 11)
data.setCell(11, 1, 'TC005_Admin_cannot_able_to_respond_the_reported_issue_without_comment')
data.setCell(11, 2, 'TestCases.AdminReportIssueTest')
data.setCell(11, 3, 6626);
data.setCell(12, 0, 12)
data.setCell(12, 1, 'TC001_User_can_able_to_send_Issue_report_with_user_details')
data.setCell(12, 2, 'TestCases.UserReportIssueTest')
data.setCell(12, 3, 6555);
data.setCell(13, 0, 13)
data.setCell(13, 1, 'TC004_User_can_able_to_verify_that_like_and_dislike_the_FAQ')
data.setCell(13, 2, 'TestCases.UserFAQTest')
data.setCell(13, 3, 6555);
data.setCell(14, 0, 14)
data.setCell(14, 1, 'TC001_User_can_able_to_verify_the_category_to_each_FAQ')
data.setCell(14, 2, 'TestCases.UserFAQTest')
data.setCell(14, 3, 6077);
data.setCell(15, 0, 15)
data.setCell(15, 1, 'TC003_User_cannot_able_to_send_Issue_report_without_type_of_Issue_and_Description')
data.setCell(15, 2, 'TestCases.UserReportIssueTest')
data.setCell(15, 3, 5556);
data.setCell(16, 0, 16)
data.setCell(16, 1, 'TC001_Admin_can_able_to_click_on_the_navigation_issue_report')
data.setCell(16, 2, 'TestCases.AdminReportIssueTest')
data.setCell(16, 3, 5472);
data.setCell(17, 0, 17)
data.setCell(17, 1, 'TC005_Admin_can_able_to_Verify_the_each_tab')
data.setCell(17, 2, 'TestCases.AdminFAQTest')
data.setCell(17, 3, 5045);
window.suiteTableData['Test_Suite']= { tableData: data, tableDiv: 'times-div-Test_Suite'}
return data;
}
              </script>
              <span class="suite-total-time">Total running time: 6 minutes</span>
              <div id="times-div-Test_Suite">
              </div> <!-- times-div-Test_Suite -->
            </div> <!-- times-div -->
          </div> <!-- main-panel-content rounded-window-bottom -->
        </div> <!-- panel -->
        <div panel-name="reporter-Test_Suite" class="panel">
          <div class="main-panel-header rounded-window-top">
            <span class="header-content">Reporter output for Test Suite</span>
          </div> <!-- main-panel-header rounded-window-top -->
          <div class="main-panel-content rounded-window-bottom">
          </div> <!-- main-panel-content rounded-window-bottom -->
        </div> <!-- panel -->
        <div panel-name="ignored-methods-Test_Suite" class="panel">
          <div class="main-panel-header rounded-window-top">
            <span class="header-content">0 ignored methods</span>
          </div> <!-- main-panel-header rounded-window-top -->
          <div class="main-panel-content rounded-window-bottom">
          </div> <!-- main-panel-content rounded-window-bottom -->
        </div> <!-- panel -->
        <div panel-name="chronological-Test_Suite" class="panel">
          <div class="main-panel-header rounded-window-top">
            <span class="header-content">Methods in chronological order</span>
          </div> <!-- main-panel-header rounded-window-top -->
          <div class="main-panel-content rounded-window-bottom">
            <div class="chronological-class">
              <div class="chronological-class-name">TestCases.AdminReportIssueTest</div> <!-- chronological-class-name -->
              <div class="configuration-method before">
                <span class="method-name">setup(client)</span>
                <span class="method-start">0 ms</span>
              </div> <!-- configuration-method before -->
              <div class="test-method">
                <span class="method-name">TC001_Admin_can_able_to_click_on_the_navigation_issue_report</span>
                <span class="method-start">5339 ms</span>
              </div> <!-- test-method -->
              <div class="configuration-method after">
                <span class="method-name">tearDown</span>
                <span class="method-start">10817 ms</span>
              </div> <!-- configuration-method after -->
              <div class="configuration-method before">
                <span class="method-name">setup(client)</span>
                <span class="method-start">11203 ms</span>
              </div> <!-- configuration-method before -->
              <div class="test-method">
                <img src="failed.png">
                </img>
                <span class="method-name">TC002_Admin_can_able_to_open_the_Reported_issue</span>
                <span class="method-start">14071 ms</span>
              </div> <!-- test-method -->
              <div class="configuration-method after">
                <span class="method-name">tearDown</span>
                <span class="method-start">29582 ms</span>
              </div> <!-- configuration-method after -->
              <div class="configuration-method before">
                <span class="method-name">setup(client)</span>
                <span class="method-start">29981 ms</span>
              </div> <!-- configuration-method before -->
              <div class="test-method">
                <img src="failed.png">
                </img>
                <span class="method-name">TC003_Admin_can_able_to_respond_the_reported_issue_into_Inprogress</span>
                <span class="method-start">32841 ms</span>
              </div> <!-- test-method -->
              <div class="configuration-method after">
                <span class="method-name">tearDown</span>
                <span class="method-start">100387 ms</span>
              </div> <!-- configuration-method after -->
              <div class="configuration-method before">
                <span class="method-name">setup(client)</span>
                <span class="method-start">100794 ms</span>
              </div> <!-- configuration-method before -->
              <div class="test-method">
                <img src="failed.png">
                </img>
                <span class="method-name">TC004_Admin_can_able_to_respond_the_reported_issue_into_Resolved</span>
                <span class="method-start">103817 ms</span>
              </div> <!-- test-method -->
              <div class="configuration-method after">
                <span class="method-name">tearDown</span>
                <span class="method-start">171479 ms</span>
              </div> <!-- configuration-method after -->
              <div class="configuration-method before">
                <span class="method-name">setup(client)</span>
                <span class="method-start">171927 ms</span>
              </div> <!-- configuration-method before -->
              <div class="test-method">
                <span class="method-name">TC005_Admin_cannot_able_to_respond_the_reported_issue_without_comment</span>
                <span class="method-start">175044 ms</span>
              </div> <!-- test-method -->
              <div class="configuration-method after">
                <span class="method-name">tearDown</span>
                <span class="method-start">181671 ms</span>
              </div> <!-- configuration-method after -->
            </div> <!-- chronological-class -->
            <div class="chronological-class">
              <div class="chronological-class-name">TestCases.UserFAQTest</div> <!-- chronological-class-name -->
              <div class="configuration-method before">
                <span class="method-name">setup(client)</span>
                <span class="method-start">181976 ms</span>
              </div> <!-- configuration-method before -->
              <div class="test-method">
                <img src="failed.png">
                </img>
                <span class="method-name">TC001_User_can_able_to_verify_the_category_to_each_FAQ</span>
                <span class="method-start">185668 ms</span>
              </div> <!-- test-method -->
              <div class="configuration-method after">
                <span class="method-name">tearDown</span>
                <span class="method-start">191747 ms</span>
              </div> <!-- configuration-method after -->
              <div class="configuration-method before">
                <span class="method-name">setup(client)</span>
                <span class="method-start">192456 ms</span>
              </div> <!-- configuration-method before -->
              <div class="test-method">
                <img src="failed.png">
                </img>
                <span class="method-name">TC002_User_can_able_to_verify_the_reportIssue_and_BookMark_Button_in_FAQ</span>
                <span class="method-start">196244 ms</span>
              </div> <!-- test-method -->
              <div class="configuration-method after">
                <span class="method-name">tearDown</span>
                <span class="method-start">224355 ms</span>
              </div> <!-- configuration-method after -->
              <div class="configuration-method before">
                <span class="method-name">setup(client)</span>
                <span class="method-start">224749 ms</span>
              </div> <!-- configuration-method before -->
              <div class="test-method">
                <img src="failed.png">
                </img>
                <span class="method-name">TC003_User_can_able_to_verify_that_FAQ_reportIssue_can_able_to_send</span>
                <span class="method-start">227847 ms</span>
              </div> <!-- test-method -->
              <div class="configuration-method after">
                <span class="method-name">tearDown</span>
                <span class="method-start">239305 ms</span>
              </div> <!-- configuration-method after -->
              <div class="configuration-method before">
                <span class="method-name">setup(client)</span>
                <span class="method-start">239641 ms</span>
              </div> <!-- configuration-method before -->
              <div class="test-method">
                <img src="failed.png">
                </img>
                <span class="method-name">TC004_User_can_able_to_verify_that_like_and_dislike_the_FAQ</span>
                <span class="method-start">242751 ms</span>
              </div> <!-- test-method -->
              <div class="configuration-method after">
                <span class="method-name">tearDown</span>
                <span class="method-start">249309 ms</span>
              </div> <!-- configuration-method after -->
            </div> <!-- chronological-class -->
            <div class="chronological-class">
              <div class="chronological-class-name">TestCases.UserReportIssueTest</div> <!-- chronological-class-name -->
              <div class="configuration-method before">
                <span class="method-name">setup(client)</span>
                <span class="method-start">249611 ms</span>
              </div> <!-- configuration-method before -->
              <div class="test-method">
                <span class="method-name">TC001_User_can_able_to_send_Issue_report_with_user_details</span>
                <span class="method-start">252408 ms</span>
              </div> <!-- test-method -->
              <div class="configuration-method after">
                <span class="method-name">tearDown</span>
                <span class="method-start">258966 ms</span>
              </div> <!-- configuration-method after -->
              <div class="configuration-method before">
                <span class="method-name">setup(client)</span>
                <span class="method-start">259304 ms</span>
              </div> <!-- configuration-method before -->
              <div class="test-method">
                <span class="method-name">TC002_User_can_able_to_send_Issue_report_Anonymously</span>
                <span class="method-start">262093 ms</span>
              </div> <!-- test-method -->
              <div class="configuration-method after">
                <span class="method-name">tearDown</span>
                <span class="method-start">268862 ms</span>
              </div> <!-- configuration-method after -->
              <div class="configuration-method before">
                <span class="method-name">setup(client)</span>
                <span class="method-start">269251 ms</span>
              </div> <!-- configuration-method before -->
              <div class="test-method">
                <img src="failed.png">
                </img>
                <span class="method-name">TC003_User_cannot_able_to_send_Issue_report_without_type_of_Issue_and_Description</span>
                <span class="method-start">272073 ms</span>
              </div> <!-- test-method -->
              <div class="configuration-method after">
                <span class="method-name">tearDown</span>
                <span class="method-start">277632 ms</span>
              </div> <!-- configuration-method after -->
            </div> <!-- chronological-class -->
            <div class="chronological-class">
              <div class="chronological-class-name">TestCases.AdminFAQTest</div> <!-- chronological-class-name -->
              <div class="configuration-method before">
                <span class="method-name">setup(client)</span>
                <span class="method-start">278012 ms</span>
              </div> <!-- configuration-method before -->
              <div class="test-method">
                <span class="method-name">TC001_Admin_can_able_to_Create_the_New_Category</span>
                <span class="method-start">281008 ms</span>
              </div> <!-- test-method -->
              <div class="configuration-method after">
                <span class="method-name">tearDown</span>
                <span class="method-start">297155 ms</span>
              </div> <!-- configuration-method after -->
              <div class="configuration-method before">
                <span class="method-name">setup(client)</span>
                <span class="method-start">297622 ms</span>
              </div> <!-- configuration-method before -->
              <div class="test-method">
                <span class="method-name">TC002_Admin_can_able_to_Create_the_Question_and_Answer_of_the_Category</span>
                <span class="method-start">300501 ms</span>
              </div> <!-- test-method -->
              <div class="configuration-method after">
                <span class="method-name">tearDown</span>
                <span class="method-start">325934 ms</span>
              </div> <!-- configuration-method after -->
              <div class="configuration-method before">
                <span class="method-name">setup(client)</span>
                <span class="method-start">326338 ms</span>
              </div> <!-- configuration-method before -->
              <div class="test-method">
                <span class="method-name">TC003_Admin_can_able_to_Edit_and_Delete_the_existing_Category</span>
                <span class="method-start">329019 ms</span>
              </div> <!-- test-method -->
              <div class="configuration-method after">
                <span class="method-name">tearDown</span>
                <span class="method-start">348915 ms</span>
              </div> <!-- configuration-method after -->
              <div class="configuration-method before">
                <span class="method-name">setup(client)</span>
                <span class="method-start">349333 ms</span>
              </div> <!-- configuration-method before -->
              <div class="test-method">
                <span class="method-name">TC004_Admin_can_able_to_Edit_and_Delete_the_Question_and_Answer_of_the_Category</span>
                <span class="method-start">352245 ms</span>
              </div> <!-- test-method -->
              <div class="configuration-method after">
                <span class="method-name">tearDown</span>
                <span class="method-start">387762 ms</span>
              </div> <!-- configuration-method after -->
              <div class="configuration-method before">
                <span class="method-name">setup(client)</span>
                <span class="method-start">388305 ms</span>
              </div> <!-- configuration-method before -->
              <div class="test-method">
                <img src="failed.png">
                </img>
                <span class="method-name">TC005_Admin_can_able_to_Verify_the_each_tab</span>
                <span class="method-start">391419 ms</span>
              </div> <!-- test-method -->
              <div class="configuration-method after">
                <span class="method-name">tearDown</span>
                <span class="method-start">396467 ms</span>
              </div> <!-- configuration-method after -->
              <div class="configuration-method before">
                <span class="method-name">setup(client)</span>
                <span class="method-start">396834 ms</span>
              </div> <!-- configuration-method before -->
              <div class="test-method">
                <span class="method-name">TC006_Admin_can_able_to_Search_the_Category</span>
                <span class="method-start">399530 ms</span>
              </div> <!-- test-method -->
              <div class="configuration-method after">
                <span class="method-name">tearDown</span>
                <span class="method-start">435260 ms</span>
              </div> <!-- configuration-method after -->
          </div> <!-- main-panel-content rounded-window-bottom -->
        </div> <!-- panel -->
      </div> <!-- main-panel-root -->
    </div> <!-- wrapper -->
  </body>
<script type="text/javascript" src="testng-reports2.js"></script>
</html>
