<?xml version="1.0" encoding="UTF-8"?>
<!-- Generated by org.testng.reporters.JUnitXMLReporter -->
<testsuite ignored="0" hostname="LAPTOP-P31RG0TB" failures="0" tests="18" name="NavigationTest" time="8.191" errors="0" timestamp="2024-12-02T12:22:16 WET">
  <testcase classname="TestCases.BaseTest" name="@BeforeMethod setup" time="3.224">
    <failure type="java.lang.RuntimeException" message="URL not found for environment: backoffice">
      <![CDATA[java.lang.RuntimeException: URL not found for environment: backoffice
at TestCases.BaseTest.getURL(BaseTest.java:47)
at TestCases.BaseTest.setup(BaseTest.java:64)
at java.base/java.util.ArrayList.forEach(ArrayList.java:1511)
... Removed 31 stack frames]]>
    </failure>
  </testcase> <!-- @BeforeMethod setup -->
  <testcase classname="TestCases.BaseTest" name="@AfterMethod tearDown" time="0.0">
    <skipped/>
  </testcase> <!-- @AfterMethod tearDown -->
  <testcase classname="TestCases.BaseTest" name="@BeforeMethod setup" time="0.0">
    <skipped/>
  </testcase> <!-- @BeforeMethod setup -->
  <testcase classname="TestCases.BaseTest" name="@AfterMethod tearDown" time="0.0">
    <skipped/>
  </testcase> <!-- @AfterMethod tearDown -->
  <testcase classname="TestCases.BaseTest" name="@BeforeMethod setup" time="0.0">
    <skipped/>
  </testcase> <!-- @BeforeMethod setup -->
  <testcase classname="TestCases.BaseTest" name="@AfterMethod tearDown" time="0.0">
    <skipped/>
  </testcase> <!-- @AfterMethod tearDown -->
  <testcase classname="TestCases.BaseTest" name="@BeforeMethod setup" time="0.0">
    <skipped/>
  </testcase> <!-- @BeforeMethod setup -->
  <testcase classname="TestCases.BaseTest" name="@AfterMethod tearDown" time="0.0">
    <skipped/>
  </testcase> <!-- @AfterMethod tearDown -->
  <testcase classname="TestCases.BaseTest" name="@BeforeMethod setup" time="0.0">
    <skipped/>
  </testcase> <!-- @BeforeMethod setup -->
  <testcase classname="TestCases.BaseTest" name="@AfterMethod tearDown" time="0.0">
    <skipped/>
  </testcase> <!-- @AfterMethod tearDown -->
  <testcase classname="TestCases.BaseTest" name="@BeforeMethod setup" time="1.501">
    <failure type="java.lang.RuntimeException" message="URL not found for environment: backoffice">
      <![CDATA[java.lang.RuntimeException: URL not found for environment: backoffice
at TestCases.BaseTest.getURL(BaseTest.java:47)
at TestCases.BaseTest.setup(BaseTest.java:64)
at java.base/java.util.ArrayList.forEach(ArrayList.java:1511)
... Removed 31 stack frames]]>
    </failure>
  </testcase> <!-- @BeforeMethod setup -->
  <testcase classname="TestCases.BaseTest" name="@AfterMethod tearDown" time="0.0">
    <skipped/>
  </testcase> <!-- @AfterMethod tearDown -->
  <testcase classname="TestCases.BaseTest" name="@BeforeMethod setup" time="0.0">
    <skipped/>
  </testcase> <!-- @BeforeMethod setup -->
  <testcase classname="TestCases.BaseTest" name="@AfterMethod tearDown" time="0.0">
    <skipped/>
  </testcase> <!-- @AfterMethod tearDown -->
  <testcase classname="TestCases.BaseTest" name="@BeforeMethod setup" time="0.0">
    <skipped/>
  </testcase> <!-- @BeforeMethod setup -->
  <testcase classname="TestCases.BaseTest" name="@AfterMethod tearDown" time="0.0">
    <skipped/>
  </testcase> <!-- @AfterMethod tearDown -->
  <testcase classname="TestCases.BaseTest" name="@BeforeMethod setup" time="0.0">
    <skipped/>
  </testcase> <!-- @BeforeMethod setup -->
  <testcase classname="TestCases.BaseTest" name="@AfterMethod tearDown" time="0.0">
    <skipped/>
  </testcase> <!-- @AfterMethod tearDown -->
  <testcase classname="TestCases.BaseTest" name="@BeforeMethod setup" time="1.476">
    <failure type="java.lang.RuntimeException" message="URL not found for environment: backoffice">
      <![CDATA[java.lang.RuntimeException: URL not found for environment: backoffice
at TestCases.BaseTest.getURL(BaseTest.java:47)
at TestCases.BaseTest.setup(BaseTest.java:64)
at java.base/java.util.ArrayList.forEach(ArrayList.java:1511)
... Removed 31 stack frames]]>
    </failure>
  </testcase> <!-- @BeforeMethod setup -->
  <testcase classname="TestCases.BaseTest" name="@AfterMethod tearDown" time="0.0">
    <skipped/>
  </testcase> <!-- @AfterMethod tearDown -->
  <testcase classname="TestCases.BaseTest" name="@BeforeMethod setup" time="0.0">
    <skipped/>
  </testcase> <!-- @BeforeMethod setup -->
  <testcase classname="TestCases.BaseTest" name="@AfterMethod tearDown" time="0.0">
    <skipped/>
  </testcase> <!-- @AfterMethod tearDown -->
  <testcase classname="TestCases.BaseTest" name="@BeforeMethod setup" time="0.0">
    <skipped/>
  </testcase> <!-- @BeforeMethod setup -->
  <testcase classname="TestCases.BaseTest" name="@AfterMethod tearDown" time="0.0">
    <skipped/>
  </testcase> <!-- @AfterMethod tearDown -->
  <testcase classname="TestCases.BaseTest" name="@BeforeMethod setup" time="1.615">
    <failure type="java.lang.RuntimeException" message="URL not found for environment: backoffice">
      <![CDATA[java.lang.RuntimeException: URL not found for environment: backoffice
at TestCases.BaseTest.getURL(BaseTest.java:47)
at TestCases.BaseTest.setup(BaseTest.java:64)
at java.base/java.util.ArrayList.forEach(ArrayList.java:1511)
... Removed 31 stack frames]]>
    </failure>
  </testcase> <!-- @BeforeMethod setup -->
  <testcase classname="TestCases.BaseTest" name="@AfterMethod tearDown" time="0.0">
    <skipped/>
  </testcase> <!-- @AfterMethod tearDown -->
  <testcase classname="TestCases.BaseTest" name="@BeforeMethod setup" time="0.0">
    <skipped/>
  </testcase> <!-- @BeforeMethod setup -->
  <testcase classname="TestCases.BaseTest" name="@AfterMethod tearDown" time="0.0">
    <skipped/>
  </testcase> <!-- @AfterMethod tearDown -->
  <testcase classname="TestCases.BaseTest" name="@BeforeMethod setup" time="0.0">
    <skipped/>
  </testcase> <!-- @BeforeMethod setup -->
  <testcase classname="TestCases.BaseTest" name="@AfterMethod tearDown" time="0.0">
    <skipped/>
  </testcase> <!-- @AfterMethod tearDown -->
  <testcase classname="TestCases.BaseTest" name="@BeforeMethod setup" time="0.0">
    <skipped/>
  </testcase> <!-- @BeforeMethod setup -->
  <testcase classname="TestCases.BaseTest" name="@AfterMethod tearDown" time="0.0">
    <skipped/>
  </testcase> <!-- @AfterMethod tearDown -->
  <testcase classname="TestCases.BaseTest" name="@BeforeMethod setup" time="0.0">
    <skipped/>
  </testcase> <!-- @BeforeMethod setup -->
  <testcase classname="TestCases.BaseTest" name="@AfterMethod tearDown" time="0.0">
    <skipped/>
  </testcase> <!-- @AfterMethod tearDown -->
  <testcase classname="TestCases.BaseTest" name="@BeforeMethod setup" time="0.0">
    <skipped/>
  </testcase> <!-- @BeforeMethod setup -->
  <testcase classname="TestCases.BaseTest" name="@AfterMethod tearDown" time="0.0">
    <skipped/>
  </testcase> <!-- @AfterMethod tearDown -->
  <testcase classname="TestCases.AdminReportIssueTest" name="TC001_Admin_can_able_to_click_on_the_navigation_issue_report" time="0.001">
    <skipped/>
  </testcase> <!-- TC001_Admin_can_able_to_click_on_the_navigation_issue_report -->
  <testcase classname="TestCases.AdminReportIssueTest" name="TC002_Admin_can_able_to_open_the_Reported_issue" time="0.0">
    <skipped/>
  </testcase> <!-- TC002_Admin_can_able_to_open_the_Reported_issue -->
  <testcase classname="TestCases.AdminReportIssueTest" name="TC003_Admin_can_able_to_respond_the_reported_issue_into_Inprogress" time="0.0">
    <skipped/>
  </testcase> <!-- TC003_Admin_can_able_to_respond_the_reported_issue_into_Inprogress -->
  <testcase classname="TestCases.AdminReportIssueTest" name="TC004_Admin_can_able_to_respond_the_reported_issue_into_Resolved" time="0.002">
    <skipped/>
  </testcase> <!-- TC004_Admin_can_able_to_respond_the_reported_issue_into_Resolved -->
  <testcase classname="TestCases.AdminReportIssueTest" name="TC005_Admin_cannot_able_to_respond_the_reported_issue_without_comment" time="0.0">
    <skipped/>
  </testcase> <!-- TC005_Admin_cannot_able_to_respond_the_reported_issue_without_comment -->
  <testcase classname="TestCases.UserFAQTest" name="TC001_User_can_able_to_verify_the_category_to_each_FAQ" time="0.0">
    <skipped/>
  </testcase> <!-- TC001_User_can_able_to_verify_the_category_to_each_FAQ -->
  <testcase classname="TestCases.UserFAQTest" name="TC002_User_can_able_to_verify_the_reportIssue_and_BookMark_Button_in_FAQ" time="0.0">
    <skipped/>
  </testcase> <!-- TC002_User_can_able_to_verify_the_reportIssue_and_BookMark_Button_in_FAQ -->
  <testcase classname="TestCases.UserFAQTest" name="TC003_User_can_able_to_verify_that_FAQ_reportIssue_can_able_to_send" time="0.0">
    <skipped/>
  </testcase> <!-- TC003_User_can_able_to_verify_that_FAQ_reportIssue_can_able_to_send -->
  <testcase classname="TestCases.UserFAQTest" name="TC004_User_can_able_to_verify_that_like_and_dislike_the_FAQ" time="0.0">
    <skipped/>
  </testcase> <!-- TC004_User_can_able_to_verify_that_like_and_dislike_the_FAQ -->
  <testcase classname="TestCases.UserReportIssueTest" name="TC001_User_can_able_to_send_Issue_report_with_user_details" time="0.0">
    <skipped/>
  </testcase> <!-- TC001_User_can_able_to_send_Issue_report_with_user_details -->
  <testcase classname="TestCases.UserReportIssueTest" name="TC002_User_can_able_to_send_Issue_report_Anonymously" time="0.0">
    <skipped/>
  </testcase> <!-- TC002_User_can_able_to_send_Issue_report_Anonymously -->
  <testcase classname="TestCases.UserReportIssueTest" name="TC003_User_cannot_able_to_send_Issue_report_without_type_of_Issue_and_Description" time="0.0">
    <skipped/>
  </testcase> <!-- TC003_User_cannot_able_to_send_Issue_report_without_type_of_Issue_and_Description -->
  <testcase classname="TestCases.AdminFAQTest" name="TC001_Admin_can_able_to_Create_the_New_Category" time="0.0">
    <skipped/>
  </testcase> <!-- TC001_Admin_can_able_to_Create_the_New_Category -->
  <testcase classname="TestCases.AdminFAQTest" name="TC002_Admin_can_able_to_Create_the_Question_and_Answer_of_the_Category" time="0.0">
    <skipped/>
  </testcase> <!-- TC002_Admin_can_able_to_Create_the_Question_and_Answer_of_the_Category -->
  <testcase classname="TestCases.AdminFAQTest" name="TC003_Admin_can_able_to_Edit_and_Delete_the_existing_Category" time="0.0">
    <skipped/>
  </testcase> <!-- TC003_Admin_can_able_to_Edit_and_Delete_the_existing_Category -->
  <testcase classname="TestCases.AdminFAQTest" name="TC004_Admin_can_able_to_Edit_and_Delete_the_Question_and_Answer_of_the_Category" time="0.0">
    <skipped/>
  </testcase> <!-- TC004_Admin_can_able_to_Edit_and_Delete_the_Question_and_Answer_of_the_Category -->
  <testcase classname="TestCases.AdminFAQTest" name="TC005_Admin_can_able_to_Verify_the_each_tab" time="0.0">
    <skipped/>
  </testcase> <!-- TC005_Admin_can_able_to_Verify_the_each_tab -->
  <testcase classname="TestCases.AdminFAQTest" name="TC006_Admin_can_able_to_Search_the_Category" time="0.0">
    <skipped/>
  </testcase> <!-- TC006_Admin_can_able_to_Search_the_Category -->
</testsuite> <!-- NavigationTest -->
